mode: atomic
github.com/sandrolain/permissions/cmd/main.go:14.13,18.25 1 0
github.com/sandrolain/permissions/cmd/main.go:18.25,23.21 3 0
github.com/sandrolain/permissions/cmd/main.go:23.21,26.18 3 0
github.com/sandrolain/permissions/cmd/main.go:26.18,28.5 1 0
github.com/sandrolain/permissions/cmd/main.go:31.3,39.30 6 0
github.com/sandrolain/permissions/pkg/grpc/permissions.pb.go:32.39,34.29 2 0
github.com/sandrolain/permissions/pkg/grpc/permissions.pb.go:34.29,38.3 3 0
github.com/sandrolain/permissions/pkg/grpc/permissions.pb.go:41.47,43.2 1 0
github.com/sandrolain/permissions/pkg/grpc/permissions.pb.go:45.45,45.46 0 0
github.com/sandrolain/permissions/pkg/grpc/permissions.pb.go:47.67,49.41 2 0
github.com/sandrolain/permissions/pkg/grpc/permissions.pb.go:49.41,51.34 2 0
github.com/sandrolain/permissions/pkg/grpc/permissions.pb.go:51.34,53.4 1 0
github.com/sandrolain/permissions/pkg/grpc/permissions.pb.go:54.3,54.12 1 0
github.com/sandrolain/permissions/pkg/grpc/permissions.pb.go:56.2,56.24 1 0
github.com/sandrolain/permissions/pkg/grpc/permissions.pb.go:60.58,62.2 1 0
github.com/sandrolain/permissions/pkg/grpc/permissions.pb.go:64.48,65.14 1 0
github.com/sandrolain/permissions/pkg/grpc/permissions.pb.go:65.14,67.3 1 0
github.com/sandrolain/permissions/pkg/grpc/permissions.pb.go:68.2,68.11 1 0
github.com/sandrolain/permissions/pkg/grpc/permissions.pb.go:79.40,81.29 2 0
github.com/sandrolain/permissions/pkg/grpc/permissions.pb.go:81.29,85.3 3 0
github.com/sandrolain/permissions/pkg/grpc/permissions.pb.go:88.48,90.2 1 0
github.com/sandrolain/permissions/pkg/grpc/permissions.pb.go:92.46,92.47 0 0
github.com/sandrolain/permissions/pkg/grpc/permissions.pb.go:94.68,96.41 2 0
github.com/sandrolain/permissions/pkg/grpc/permissions.pb.go:96.41,98.34 2 0
github.com/sandrolain/permissions/pkg/grpc/permissions.pb.go:98.34,100.4 1 0
github.com/sandrolain/permissions/pkg/grpc/permissions.pb.go:101.3,101.12 1 0
github.com/sandrolain/permissions/pkg/grpc/permissions.pb.go:103.2,103.24 1 0
github.com/sandrolain/permissions/pkg/grpc/permissions.pb.go:107.59,109.2 1 0
github.com/sandrolain/permissions/pkg/grpc/permissions.pb.go:111.52,112.14 1 0
github.com/sandrolain/permissions/pkg/grpc/permissions.pb.go:112.14,114.3 1 0
github.com/sandrolain/permissions/pkg/grpc/permissions.pb.go:115.2,115.12 1 0
github.com/sandrolain/permissions/pkg/grpc/permissions.pb.go:127.38,129.29 2 0
github.com/sandrolain/permissions/pkg/grpc/permissions.pb.go:129.29,133.3 3 0
github.com/sandrolain/permissions/pkg/grpc/permissions.pb.go:136.46,138.2 1 0
github.com/sandrolain/permissions/pkg/grpc/permissions.pb.go:140.44,140.45 0 0
github.com/sandrolain/permissions/pkg/grpc/permissions.pb.go:142.66,144.41 2 0
github.com/sandrolain/permissions/pkg/grpc/permissions.pb.go:144.41,146.34 2 0
github.com/sandrolain/permissions/pkg/grpc/permissions.pb.go:146.34,148.4 1 0
github.com/sandrolain/permissions/pkg/grpc/permissions.pb.go:149.3,149.12 1 0
github.com/sandrolain/permissions/pkg/grpc/permissions.pb.go:151.2,151.24 1 0
github.com/sandrolain/permissions/pkg/grpc/permissions.pb.go:155.57,157.2 1 0
github.com/sandrolain/permissions/pkg/grpc/permissions.pb.go:159.47,160.14 1 0
github.com/sandrolain/permissions/pkg/grpc/permissions.pb.go:160.14,162.3 1 0
github.com/sandrolain/permissions/pkg/grpc/permissions.pb.go:163.2,163.11 1 0
github.com/sandrolain/permissions/pkg/grpc/permissions.pb.go:166.47,167.14 1 0
github.com/sandrolain/permissions/pkg/grpc/permissions.pb.go:167.14,169.3 1 0
github.com/sandrolain/permissions/pkg/grpc/permissions.pb.go:170.2,170.11 1 0
github.com/sandrolain/permissions/pkg/grpc/permissions.pb.go:182.39,184.29 2 0
github.com/sandrolain/permissions/pkg/grpc/permissions.pb.go:184.29,188.3 3 0
github.com/sandrolain/permissions/pkg/grpc/permissions.pb.go:191.47,193.2 1 0
github.com/sandrolain/permissions/pkg/grpc/permissions.pb.go:195.45,195.46 0 0
github.com/sandrolain/permissions/pkg/grpc/permissions.pb.go:197.67,199.41 2 0
github.com/sandrolain/permissions/pkg/grpc/permissions.pb.go:199.41,201.34 2 0
github.com/sandrolain/permissions/pkg/grpc/permissions.pb.go:201.34,203.4 1 0
github.com/sandrolain/permissions/pkg/grpc/permissions.pb.go:204.3,204.12 1 0
github.com/sandrolain/permissions/pkg/grpc/permissions.pb.go:206.2,206.24 1 0
github.com/sandrolain/permissions/pkg/grpc/permissions.pb.go:210.58,212.2 1 0
github.com/sandrolain/permissions/pkg/grpc/permissions.pb.go:214.50,215.14 1 0
github.com/sandrolain/permissions/pkg/grpc/permissions.pb.go:215.14,217.3 1 0
github.com/sandrolain/permissions/pkg/grpc/permissions.pb.go:218.2,218.14 1 0
github.com/sandrolain/permissions/pkg/grpc/permissions.pb.go:221.51,222.14 1 0
github.com/sandrolain/permissions/pkg/grpc/permissions.pb.go:222.14,224.3 1 0
github.com/sandrolain/permissions/pkg/grpc/permissions.pb.go:225.2,225.12 1 0
github.com/sandrolain/permissions/pkg/grpc/permissions.pb.go:237.40,239.29 2 0
github.com/sandrolain/permissions/pkg/grpc/permissions.pb.go:239.29,243.3 3 0
github.com/sandrolain/permissions/pkg/grpc/permissions.pb.go:246.48,248.2 1 0
github.com/sandrolain/permissions/pkg/grpc/permissions.pb.go:250.46,250.47 0 0
github.com/sandrolain/permissions/pkg/grpc/permissions.pb.go:252.68,254.41 2 0
github.com/sandrolain/permissions/pkg/grpc/permissions.pb.go:254.41,256.34 2 0
github.com/sandrolain/permissions/pkg/grpc/permissions.pb.go:256.34,258.4 1 0
github.com/sandrolain/permissions/pkg/grpc/permissions.pb.go:259.3,259.12 1 0
github.com/sandrolain/permissions/pkg/grpc/permissions.pb.go:261.2,261.24 1 0
github.com/sandrolain/permissions/pkg/grpc/permissions.pb.go:265.59,267.2 1 0
github.com/sandrolain/permissions/pkg/grpc/permissions.pb.go:269.49,270.14 1 0
github.com/sandrolain/permissions/pkg/grpc/permissions.pb.go:270.14,272.3 1 0
github.com/sandrolain/permissions/pkg/grpc/permissions.pb.go:273.2,273.11 1 0
github.com/sandrolain/permissions/pkg/grpc/permissions.pb.go:276.49,277.14 1 0
github.com/sandrolain/permissions/pkg/grpc/permissions.pb.go:277.14,279.3 1 0
github.com/sandrolain/permissions/pkg/grpc/permissions.pb.go:280.2,280.11 1 0
github.com/sandrolain/permissions/pkg/grpc/permissions.pb.go:292.41,294.29 2 0
github.com/sandrolain/permissions/pkg/grpc/permissions.pb.go:294.29,298.3 3 0
github.com/sandrolain/permissions/pkg/grpc/permissions.pb.go:301.49,303.2 1 0
github.com/sandrolain/permissions/pkg/grpc/permissions.pb.go:305.47,305.48 0 0
github.com/sandrolain/permissions/pkg/grpc/permissions.pb.go:307.69,309.41 2 0
github.com/sandrolain/permissions/pkg/grpc/permissions.pb.go:309.41,311.34 2 0
github.com/sandrolain/permissions/pkg/grpc/permissions.pb.go:311.34,313.4 1 0
github.com/sandrolain/permissions/pkg/grpc/permissions.pb.go:314.3,314.12 1 0
github.com/sandrolain/permissions/pkg/grpc/permissions.pb.go:316.2,316.24 1 0
github.com/sandrolain/permissions/pkg/grpc/permissions.pb.go:320.60,322.2 1 0
github.com/sandrolain/permissions/pkg/grpc/permissions.pb.go:324.52,325.14 1 0
github.com/sandrolain/permissions/pkg/grpc/permissions.pb.go:325.14,327.3 1 0
github.com/sandrolain/permissions/pkg/grpc/permissions.pb.go:328.2,328.14 1 0
github.com/sandrolain/permissions/pkg/grpc/permissions.pb.go:331.53,332.14 1 0
github.com/sandrolain/permissions/pkg/grpc/permissions.pb.go:332.14,334.3 1 0
github.com/sandrolain/permissions/pkg/grpc/permissions.pb.go:335.2,335.12 1 0
github.com/sandrolain/permissions/pkg/grpc/permissions.pb.go:347.29,349.29 2 0
github.com/sandrolain/permissions/pkg/grpc/permissions.pb.go:349.29,353.3 3 0
github.com/sandrolain/permissions/pkg/grpc/permissions.pb.go:356.37,358.2 1 0
github.com/sandrolain/permissions/pkg/grpc/permissions.pb.go:360.35,360.36 0 0
github.com/sandrolain/permissions/pkg/grpc/permissions.pb.go:362.57,364.41 2 0
github.com/sandrolain/permissions/pkg/grpc/permissions.pb.go:364.41,366.34 2 0
github.com/sandrolain/permissions/pkg/grpc/permissions.pb.go:366.34,368.4 1 0
github.com/sandrolain/permissions/pkg/grpc/permissions.pb.go:369.3,369.12 1 0
github.com/sandrolain/permissions/pkg/grpc/permissions.pb.go:371.2,371.24 1 0
github.com/sandrolain/permissions/pkg/grpc/permissions.pb.go:375.48,377.2 1 0
github.com/sandrolain/permissions/pkg/grpc/permissions.pb.go:379.39,380.14 1 0
github.com/sandrolain/permissions/pkg/grpc/permissions.pb.go:380.14,382.3 1 0
github.com/sandrolain/permissions/pkg/grpc/permissions.pb.go:383.2,383.11 1 0
github.com/sandrolain/permissions/pkg/grpc/permissions.pb.go:386.39,387.14 1 0
github.com/sandrolain/permissions/pkg/grpc/permissions.pb.go:387.14,389.3 1 0
github.com/sandrolain/permissions/pkg/grpc/permissions.pb.go:390.2,390.14 1 0
github.com/sandrolain/permissions/pkg/grpc/permissions.pb.go:401.42,403.29 2 0
github.com/sandrolain/permissions/pkg/grpc/permissions.pb.go:403.29,407.3 3 0
github.com/sandrolain/permissions/pkg/grpc/permissions.pb.go:410.50,412.2 1 0
github.com/sandrolain/permissions/pkg/grpc/permissions.pb.go:414.48,414.49 0 0
github.com/sandrolain/permissions/pkg/grpc/permissions.pb.go:416.70,418.41 2 0
github.com/sandrolain/permissions/pkg/grpc/permissions.pb.go:418.41,420.34 2 0
github.com/sandrolain/permissions/pkg/grpc/permissions.pb.go:420.34,422.4 1 0
github.com/sandrolain/permissions/pkg/grpc/permissions.pb.go:423.3,423.12 1 0
github.com/sandrolain/permissions/pkg/grpc/permissions.pb.go:425.2,425.24 1 0
github.com/sandrolain/permissions/pkg/grpc/permissions.pb.go:429.61,431.2 1 0
github.com/sandrolain/permissions/pkg/grpc/permissions.pb.go:433.59,434.14 1 0
github.com/sandrolain/permissions/pkg/grpc/permissions.pb.go:434.14,436.3 1 0
github.com/sandrolain/permissions/pkg/grpc/permissions.pb.go:437.2,437.11 1 0
github.com/sandrolain/permissions/pkg/grpc/permissions.pb.go:448.43,450.29 2 0
github.com/sandrolain/permissions/pkg/grpc/permissions.pb.go:450.29,454.3 3 0
github.com/sandrolain/permissions/pkg/grpc/permissions.pb.go:457.51,459.2 1 0
github.com/sandrolain/permissions/pkg/grpc/permissions.pb.go:461.49,461.50 0 0
github.com/sandrolain/permissions/pkg/grpc/permissions.pb.go:463.71,465.41 2 0
github.com/sandrolain/permissions/pkg/grpc/permissions.pb.go:465.41,467.34 2 0
github.com/sandrolain/permissions/pkg/grpc/permissions.pb.go:467.34,469.4 1 0
github.com/sandrolain/permissions/pkg/grpc/permissions.pb.go:470.3,470.12 1 0
github.com/sandrolain/permissions/pkg/grpc/permissions.pb.go:472.2,472.24 1 0
github.com/sandrolain/permissions/pkg/grpc/permissions.pb.go:476.62,478.2 1 0
github.com/sandrolain/permissions/pkg/grpc/permissions.pb.go:480.60,481.14 1 0
github.com/sandrolain/permissions/pkg/grpc/permissions.pb.go:481.14,483.3 1 0
github.com/sandrolain/permissions/pkg/grpc/permissions.pb.go:484.2,484.12 1 0
github.com/sandrolain/permissions/pkg/grpc/permissions.pb.go:496.40,498.29 2 0
github.com/sandrolain/permissions/pkg/grpc/permissions.pb.go:498.29,502.3 3 0
github.com/sandrolain/permissions/pkg/grpc/permissions.pb.go:505.48,507.2 1 0
github.com/sandrolain/permissions/pkg/grpc/permissions.pb.go:509.46,509.47 0 0
github.com/sandrolain/permissions/pkg/grpc/permissions.pb.go:511.68,513.41 2 0
github.com/sandrolain/permissions/pkg/grpc/permissions.pb.go:513.41,515.34 2 0
github.com/sandrolain/permissions/pkg/grpc/permissions.pb.go:515.34,517.4 1 0
github.com/sandrolain/permissions/pkg/grpc/permissions.pb.go:518.3,518.12 1 0
github.com/sandrolain/permissions/pkg/grpc/permissions.pb.go:520.2,520.24 1 0
github.com/sandrolain/permissions/pkg/grpc/permissions.pb.go:524.59,526.2 1 0
github.com/sandrolain/permissions/pkg/grpc/permissions.pb.go:528.49,529.14 1 0
github.com/sandrolain/permissions/pkg/grpc/permissions.pb.go:529.14,531.3 1 0
github.com/sandrolain/permissions/pkg/grpc/permissions.pb.go:532.2,532.11 1 0
github.com/sandrolain/permissions/pkg/grpc/permissions.pb.go:535.57,536.14 1 0
github.com/sandrolain/permissions/pkg/grpc/permissions.pb.go:536.14,538.3 1 0
github.com/sandrolain/permissions/pkg/grpc/permissions.pb.go:539.2,539.11 1 0
github.com/sandrolain/permissions/pkg/grpc/permissions.pb.go:550.41,552.29 2 0
github.com/sandrolain/permissions/pkg/grpc/permissions.pb.go:552.29,556.3 3 0
github.com/sandrolain/permissions/pkg/grpc/permissions.pb.go:559.49,561.2 1 0
github.com/sandrolain/permissions/pkg/grpc/permissions.pb.go:563.47,563.48 0 0
github.com/sandrolain/permissions/pkg/grpc/permissions.pb.go:565.69,567.41 2 0
github.com/sandrolain/permissions/pkg/grpc/permissions.pb.go:567.41,569.34 2 0
github.com/sandrolain/permissions/pkg/grpc/permissions.pb.go:569.34,571.4 1 0
github.com/sandrolain/permissions/pkg/grpc/permissions.pb.go:572.3,572.12 1 0
github.com/sandrolain/permissions/pkg/grpc/permissions.pb.go:574.2,574.24 1 0
github.com/sandrolain/permissions/pkg/grpc/permissions.pb.go:578.60,580.2 1 0
github.com/sandrolain/permissions/pkg/grpc/permissions.pb.go:582.58,583.14 1 0
github.com/sandrolain/permissions/pkg/grpc/permissions.pb.go:583.14,585.3 1 0
github.com/sandrolain/permissions/pkg/grpc/permissions.pb.go:586.2,586.12 1 0
github.com/sandrolain/permissions/pkg/grpc/permissions.pb.go:598.40,600.29 2 0
github.com/sandrolain/permissions/pkg/grpc/permissions.pb.go:600.29,604.3 3 0
github.com/sandrolain/permissions/pkg/grpc/permissions.pb.go:607.48,609.2 1 0
github.com/sandrolain/permissions/pkg/grpc/permissions.pb.go:611.46,611.47 0 0
github.com/sandrolain/permissions/pkg/grpc/permissions.pb.go:613.68,615.41 2 0
github.com/sandrolain/permissions/pkg/grpc/permissions.pb.go:615.41,617.34 2 0
github.com/sandrolain/permissions/pkg/grpc/permissions.pb.go:617.34,619.4 1 0
github.com/sandrolain/permissions/pkg/grpc/permissions.pb.go:620.3,620.12 1 0
github.com/sandrolain/permissions/pkg/grpc/permissions.pb.go:622.2,622.24 1 0
github.com/sandrolain/permissions/pkg/grpc/permissions.pb.go:626.59,628.2 1 0
github.com/sandrolain/permissions/pkg/grpc/permissions.pb.go:630.49,631.14 1 0
github.com/sandrolain/permissions/pkg/grpc/permissions.pb.go:631.14,633.3 1 0
github.com/sandrolain/permissions/pkg/grpc/permissions.pb.go:634.2,634.11 1 0
github.com/sandrolain/permissions/pkg/grpc/permissions.pb.go:637.57,638.14 1 0
github.com/sandrolain/permissions/pkg/grpc/permissions.pb.go:638.14,640.3 1 0
github.com/sandrolain/permissions/pkg/grpc/permissions.pb.go:641.2,641.11 1 0
github.com/sandrolain/permissions/pkg/grpc/permissions.pb.go:652.41,654.29 2 0
github.com/sandrolain/permissions/pkg/grpc/permissions.pb.go:654.29,658.3 3 0
github.com/sandrolain/permissions/pkg/grpc/permissions.pb.go:661.49,663.2 1 0
github.com/sandrolain/permissions/pkg/grpc/permissions.pb.go:665.47,665.48 0 0
github.com/sandrolain/permissions/pkg/grpc/permissions.pb.go:667.69,669.41 2 0
github.com/sandrolain/permissions/pkg/grpc/permissions.pb.go:669.41,671.34 2 0
github.com/sandrolain/permissions/pkg/grpc/permissions.pb.go:671.34,673.4 1 0
github.com/sandrolain/permissions/pkg/grpc/permissions.pb.go:674.3,674.12 1 0
github.com/sandrolain/permissions/pkg/grpc/permissions.pb.go:676.2,676.24 1 0
github.com/sandrolain/permissions/pkg/grpc/permissions.pb.go:680.60,682.2 1 0
github.com/sandrolain/permissions/pkg/grpc/permissions.pb.go:684.58,685.14 1 0
github.com/sandrolain/permissions/pkg/grpc/permissions.pb.go:685.14,687.3 1 0
github.com/sandrolain/permissions/pkg/grpc/permissions.pb.go:688.2,688.12 1 0
github.com/sandrolain/permissions/pkg/grpc/permissions.pb.go:700.41,702.29 2 0
github.com/sandrolain/permissions/pkg/grpc/permissions.pb.go:702.29,706.3 3 0
github.com/sandrolain/permissions/pkg/grpc/permissions.pb.go:709.49,711.2 1 0
github.com/sandrolain/permissions/pkg/grpc/permissions.pb.go:713.47,713.48 0 0
github.com/sandrolain/permissions/pkg/grpc/permissions.pb.go:715.69,717.41 2 0
github.com/sandrolain/permissions/pkg/grpc/permissions.pb.go:717.41,719.34 2 0
github.com/sandrolain/permissions/pkg/grpc/permissions.pb.go:719.34,721.4 1 0
github.com/sandrolain/permissions/pkg/grpc/permissions.pb.go:722.3,722.12 1 0
github.com/sandrolain/permissions/pkg/grpc/permissions.pb.go:724.2,724.24 1 0
github.com/sandrolain/permissions/pkg/grpc/permissions.pb.go:728.60,730.2 1 0
github.com/sandrolain/permissions/pkg/grpc/permissions.pb.go:732.51,733.14 1 0
github.com/sandrolain/permissions/pkg/grpc/permissions.pb.go:733.14,735.3 1 0
github.com/sandrolain/permissions/pkg/grpc/permissions.pb.go:736.2,736.11 1 0
github.com/sandrolain/permissions/pkg/grpc/permissions.pb.go:739.51,740.14 1 0
github.com/sandrolain/permissions/pkg/grpc/permissions.pb.go:740.14,742.3 1 0
github.com/sandrolain/permissions/pkg/grpc/permissions.pb.go:743.2,743.14 1 0
github.com/sandrolain/permissions/pkg/grpc/permissions.pb.go:754.42,756.29 2 0
github.com/sandrolain/permissions/pkg/grpc/permissions.pb.go:756.29,760.3 3 0
github.com/sandrolain/permissions/pkg/grpc/permissions.pb.go:763.50,765.2 1 0
github.com/sandrolain/permissions/pkg/grpc/permissions.pb.go:767.48,767.49 0 0
github.com/sandrolain/permissions/pkg/grpc/permissions.pb.go:769.70,771.41 2 0
github.com/sandrolain/permissions/pkg/grpc/permissions.pb.go:771.41,773.34 2 0
github.com/sandrolain/permissions/pkg/grpc/permissions.pb.go:773.34,775.4 1 0
github.com/sandrolain/permissions/pkg/grpc/permissions.pb.go:776.3,776.12 1 0
github.com/sandrolain/permissions/pkg/grpc/permissions.pb.go:778.2,778.24 1 0
github.com/sandrolain/permissions/pkg/grpc/permissions.pb.go:782.61,784.2 1 0
github.com/sandrolain/permissions/pkg/grpc/permissions.pb.go:786.53,787.14 1 0
github.com/sandrolain/permissions/pkg/grpc/permissions.pb.go:787.14,789.3 1 0
github.com/sandrolain/permissions/pkg/grpc/permissions.pb.go:790.2,790.14 1 0
github.com/sandrolain/permissions/pkg/grpc/permissions.pb.go:803.39,805.29 2 0
github.com/sandrolain/permissions/pkg/grpc/permissions.pb.go:805.29,809.3 3 0
github.com/sandrolain/permissions/pkg/grpc/permissions.pb.go:812.47,814.2 1 0
github.com/sandrolain/permissions/pkg/grpc/permissions.pb.go:816.45,816.46 0 0
github.com/sandrolain/permissions/pkg/grpc/permissions.pb.go:818.67,820.41 2 0
github.com/sandrolain/permissions/pkg/grpc/permissions.pb.go:820.41,822.34 2 0
github.com/sandrolain/permissions/pkg/grpc/permissions.pb.go:822.34,824.4 1 0
github.com/sandrolain/permissions/pkg/grpc/permissions.pb.go:825.3,825.12 1 0
github.com/sandrolain/permissions/pkg/grpc/permissions.pb.go:827.2,827.24 1 0
github.com/sandrolain/permissions/pkg/grpc/permissions.pb.go:831.58,833.2 1 0
github.com/sandrolain/permissions/pkg/grpc/permissions.pb.go:835.48,836.14 1 0
github.com/sandrolain/permissions/pkg/grpc/permissions.pb.go:836.14,838.3 1 0
github.com/sandrolain/permissions/pkg/grpc/permissions.pb.go:839.2,839.11 1 0
github.com/sandrolain/permissions/pkg/grpc/permissions.pb.go:842.49,843.14 1 0
github.com/sandrolain/permissions/pkg/grpc/permissions.pb.go:843.14,845.3 1 0
github.com/sandrolain/permissions/pkg/grpc/permissions.pb.go:846.2,846.11 1 0
github.com/sandrolain/permissions/pkg/grpc/permissions.pb.go:849.49,850.14 1 0
github.com/sandrolain/permissions/pkg/grpc/permissions.pb.go:850.14,852.3 1 0
github.com/sandrolain/permissions/pkg/grpc/permissions.pb.go:853.2,853.14 1 0
github.com/sandrolain/permissions/pkg/grpc/permissions.pb.go:864.40,866.29 2 0
github.com/sandrolain/permissions/pkg/grpc/permissions.pb.go:866.29,870.3 3 0
github.com/sandrolain/permissions/pkg/grpc/permissions.pb.go:873.48,875.2 1 0
github.com/sandrolain/permissions/pkg/grpc/permissions.pb.go:877.46,877.47 0 0
github.com/sandrolain/permissions/pkg/grpc/permissions.pb.go:879.68,881.41 2 0
github.com/sandrolain/permissions/pkg/grpc/permissions.pb.go:881.41,883.34 2 0
github.com/sandrolain/permissions/pkg/grpc/permissions.pb.go:883.34,885.4 1 0
github.com/sandrolain/permissions/pkg/grpc/permissions.pb.go:886.3,886.12 1 0
github.com/sandrolain/permissions/pkg/grpc/permissions.pb.go:888.2,888.24 1 0
github.com/sandrolain/permissions/pkg/grpc/permissions.pb.go:892.59,894.2 1 0
github.com/sandrolain/permissions/pkg/grpc/permissions.pb.go:896.51,897.14 1 0
github.com/sandrolain/permissions/pkg/grpc/permissions.pb.go:897.14,899.3 1 0
github.com/sandrolain/permissions/pkg/grpc/permissions.pb.go:900.2,900.14 1 0
github.com/sandrolain/permissions/pkg/grpc/permissions.pb.go:913.39,915.29 2 0
github.com/sandrolain/permissions/pkg/grpc/permissions.pb.go:915.29,919.3 3 0
github.com/sandrolain/permissions/pkg/grpc/permissions.pb.go:922.47,924.2 1 0
github.com/sandrolain/permissions/pkg/grpc/permissions.pb.go:926.45,926.46 0 0
github.com/sandrolain/permissions/pkg/grpc/permissions.pb.go:928.67,930.41 2 0
github.com/sandrolain/permissions/pkg/grpc/permissions.pb.go:930.41,932.34 2 0
github.com/sandrolain/permissions/pkg/grpc/permissions.pb.go:932.34,934.4 1 0
github.com/sandrolain/permissions/pkg/grpc/permissions.pb.go:935.3,935.12 1 0
github.com/sandrolain/permissions/pkg/grpc/permissions.pb.go:937.2,937.24 1 0
github.com/sandrolain/permissions/pkg/grpc/permissions.pb.go:941.58,943.2 1 0
github.com/sandrolain/permissions/pkg/grpc/permissions.pb.go:945.48,946.14 1 0
github.com/sandrolain/permissions/pkg/grpc/permissions.pb.go:946.14,948.3 1 0
github.com/sandrolain/permissions/pkg/grpc/permissions.pb.go:949.2,949.11 1 0
github.com/sandrolain/permissions/pkg/grpc/permissions.pb.go:952.49,953.14 1 0
github.com/sandrolain/permissions/pkg/grpc/permissions.pb.go:953.14,955.3 1 0
github.com/sandrolain/permissions/pkg/grpc/permissions.pb.go:956.2,956.11 1 0
github.com/sandrolain/permissions/pkg/grpc/permissions.pb.go:959.49,960.14 1 0
github.com/sandrolain/permissions/pkg/grpc/permissions.pb.go:960.14,962.3 1 0
github.com/sandrolain/permissions/pkg/grpc/permissions.pb.go:963.2,963.14 1 0
github.com/sandrolain/permissions/pkg/grpc/permissions.pb.go:974.40,976.29 2 0
github.com/sandrolain/permissions/pkg/grpc/permissions.pb.go:976.29,980.3 3 0
github.com/sandrolain/permissions/pkg/grpc/permissions.pb.go:983.48,985.2 1 0
github.com/sandrolain/permissions/pkg/grpc/permissions.pb.go:987.46,987.47 0 0
github.com/sandrolain/permissions/pkg/grpc/permissions.pb.go:989.68,991.41 2 0
github.com/sandrolain/permissions/pkg/grpc/permissions.pb.go:991.41,993.34 2 0
github.com/sandrolain/permissions/pkg/grpc/permissions.pb.go:993.34,995.4 1 0
github.com/sandrolain/permissions/pkg/grpc/permissions.pb.go:996.3,996.12 1 0
github.com/sandrolain/permissions/pkg/grpc/permissions.pb.go:998.2,998.24 1 0
github.com/sandrolain/permissions/pkg/grpc/permissions.pb.go:1002.59,1004.2 1 0
github.com/sandrolain/permissions/pkg/grpc/permissions.pb.go:1006.51,1007.14 1 0
github.com/sandrolain/permissions/pkg/grpc/permissions.pb.go:1007.14,1009.3 1 0
github.com/sandrolain/permissions/pkg/grpc/permissions.pb.go:1010.2,1010.14 1 0
github.com/sandrolain/permissions/pkg/grpc/permissions.pb.go:1021.43,1023.29 2 0
github.com/sandrolain/permissions/pkg/grpc/permissions.pb.go:1023.29,1027.3 3 0
github.com/sandrolain/permissions/pkg/grpc/permissions.pb.go:1030.51,1032.2 1 0
github.com/sandrolain/permissions/pkg/grpc/permissions.pb.go:1034.49,1034.50 0 0
github.com/sandrolain/permissions/pkg/grpc/permissions.pb.go:1036.71,1038.41 2 0
github.com/sandrolain/permissions/pkg/grpc/permissions.pb.go:1038.41,1040.34 2 0
github.com/sandrolain/permissions/pkg/grpc/permissions.pb.go:1040.34,1042.4 1 0
github.com/sandrolain/permissions/pkg/grpc/permissions.pb.go:1043.3,1043.12 1 0
github.com/sandrolain/permissions/pkg/grpc/permissions.pb.go:1045.2,1045.24 1 0
github.com/sandrolain/permissions/pkg/grpc/permissions.pb.go:1049.62,1051.2 1 0
github.com/sandrolain/permissions/pkg/grpc/permissions.pb.go:1053.53,1054.14 1 0
github.com/sandrolain/permissions/pkg/grpc/permissions.pb.go:1054.14,1056.3 1 0
github.com/sandrolain/permissions/pkg/grpc/permissions.pb.go:1057.2,1057.11 1 0
github.com/sandrolain/permissions/pkg/grpc/permissions.pb.go:1068.44,1070.29 2 0
github.com/sandrolain/permissions/pkg/grpc/permissions.pb.go:1070.29,1074.3 3 0
github.com/sandrolain/permissions/pkg/grpc/permissions.pb.go:1077.52,1079.2 1 0
github.com/sandrolain/permissions/pkg/grpc/permissions.pb.go:1081.50,1081.51 0 0
github.com/sandrolain/permissions/pkg/grpc/permissions.pb.go:1083.72,1085.41 2 0
github.com/sandrolain/permissions/pkg/grpc/permissions.pb.go:1085.41,1087.34 2 0
github.com/sandrolain/permissions/pkg/grpc/permissions.pb.go:1087.34,1089.4 1 0
github.com/sandrolain/permissions/pkg/grpc/permissions.pb.go:1090.3,1090.12 1 0
github.com/sandrolain/permissions/pkg/grpc/permissions.pb.go:1092.2,1092.24 1 0
github.com/sandrolain/permissions/pkg/grpc/permissions.pb.go:1096.63,1098.2 1 0
github.com/sandrolain/permissions/pkg/grpc/permissions.pb.go:1100.55,1101.14 1 0
github.com/sandrolain/permissions/pkg/grpc/permissions.pb.go:1101.14,1103.3 1 0
github.com/sandrolain/permissions/pkg/grpc/permissions.pb.go:1104.2,1104.14 1 0
github.com/sandrolain/permissions/pkg/grpc/permissions.pb.go:1116.41,1118.29 2 0
github.com/sandrolain/permissions/pkg/grpc/permissions.pb.go:1118.29,1122.3 3 0
github.com/sandrolain/permissions/pkg/grpc/permissions.pb.go:1125.49,1127.2 1 0
github.com/sandrolain/permissions/pkg/grpc/permissions.pb.go:1129.47,1129.48 0 0
github.com/sandrolain/permissions/pkg/grpc/permissions.pb.go:1131.69,1133.41 2 0
github.com/sandrolain/permissions/pkg/grpc/permissions.pb.go:1133.41,1135.34 2 0
github.com/sandrolain/permissions/pkg/grpc/permissions.pb.go:1135.34,1137.4 1 0
github.com/sandrolain/permissions/pkg/grpc/permissions.pb.go:1138.3,1138.12 1 0
github.com/sandrolain/permissions/pkg/grpc/permissions.pb.go:1140.2,1140.24 1 0
github.com/sandrolain/permissions/pkg/grpc/permissions.pb.go:1144.60,1146.2 1 0
github.com/sandrolain/permissions/pkg/grpc/permissions.pb.go:1148.50,1149.14 1 0
github.com/sandrolain/permissions/pkg/grpc/permissions.pb.go:1149.14,1151.3 1 0
github.com/sandrolain/permissions/pkg/grpc/permissions.pb.go:1152.2,1152.11 1 0
github.com/sandrolain/permissions/pkg/grpc/permissions.pb.go:1155.51,1156.14 1 0
github.com/sandrolain/permissions/pkg/grpc/permissions.pb.go:1156.14,1158.3 1 0
github.com/sandrolain/permissions/pkg/grpc/permissions.pb.go:1159.2,1159.11 1 0
github.com/sandrolain/permissions/pkg/grpc/permissions.pb.go:1170.42,1172.29 2 0
github.com/sandrolain/permissions/pkg/grpc/permissions.pb.go:1172.29,1176.3 3 0
github.com/sandrolain/permissions/pkg/grpc/permissions.pb.go:1179.50,1181.2 1 0
github.com/sandrolain/permissions/pkg/grpc/permissions.pb.go:1183.48,1183.49 0 0
github.com/sandrolain/permissions/pkg/grpc/permissions.pb.go:1185.70,1187.41 2 0
github.com/sandrolain/permissions/pkg/grpc/permissions.pb.go:1187.41,1189.34 2 0
github.com/sandrolain/permissions/pkg/grpc/permissions.pb.go:1189.34,1191.4 1 0
github.com/sandrolain/permissions/pkg/grpc/permissions.pb.go:1192.3,1192.12 1 0
github.com/sandrolain/permissions/pkg/grpc/permissions.pb.go:1194.2,1194.24 1 0
github.com/sandrolain/permissions/pkg/grpc/permissions.pb.go:1198.61,1200.2 1 0
github.com/sandrolain/permissions/pkg/grpc/permissions.pb.go:1202.53,1203.14 1 0
github.com/sandrolain/permissions/pkg/grpc/permissions.pb.go:1203.14,1205.3 1 0
github.com/sandrolain/permissions/pkg/grpc/permissions.pb.go:1206.2,1206.14 1 0
github.com/sandrolain/permissions/pkg/grpc/permissions.pb.go:1218.41,1220.29 2 0
github.com/sandrolain/permissions/pkg/grpc/permissions.pb.go:1220.29,1224.3 3 0
github.com/sandrolain/permissions/pkg/grpc/permissions.pb.go:1227.49,1229.2 1 0
github.com/sandrolain/permissions/pkg/grpc/permissions.pb.go:1231.47,1231.48 0 0
github.com/sandrolain/permissions/pkg/grpc/permissions.pb.go:1233.69,1235.41 2 0
github.com/sandrolain/permissions/pkg/grpc/permissions.pb.go:1235.41,1237.34 2 0
github.com/sandrolain/permissions/pkg/grpc/permissions.pb.go:1237.34,1239.4 1 0
github.com/sandrolain/permissions/pkg/grpc/permissions.pb.go:1240.3,1240.12 1 0
github.com/sandrolain/permissions/pkg/grpc/permissions.pb.go:1242.2,1242.24 1 0
github.com/sandrolain/permissions/pkg/grpc/permissions.pb.go:1246.60,1248.2 1 0
github.com/sandrolain/permissions/pkg/grpc/permissions.pb.go:1250.50,1251.14 1 0
github.com/sandrolain/permissions/pkg/grpc/permissions.pb.go:1251.14,1253.3 1 0
github.com/sandrolain/permissions/pkg/grpc/permissions.pb.go:1254.2,1254.11 1 0
github.com/sandrolain/permissions/pkg/grpc/permissions.pb.go:1257.51,1258.14 1 0
github.com/sandrolain/permissions/pkg/grpc/permissions.pb.go:1258.14,1260.3 1 0
github.com/sandrolain/permissions/pkg/grpc/permissions.pb.go:1261.2,1261.11 1 0
github.com/sandrolain/permissions/pkg/grpc/permissions.pb.go:1272.42,1274.29 2 0
github.com/sandrolain/permissions/pkg/grpc/permissions.pb.go:1274.29,1278.3 3 0
github.com/sandrolain/permissions/pkg/grpc/permissions.pb.go:1281.50,1283.2 1 0
github.com/sandrolain/permissions/pkg/grpc/permissions.pb.go:1285.48,1285.49 0 0
github.com/sandrolain/permissions/pkg/grpc/permissions.pb.go:1287.70,1289.41 2 0
github.com/sandrolain/permissions/pkg/grpc/permissions.pb.go:1289.41,1291.34 2 0
github.com/sandrolain/permissions/pkg/grpc/permissions.pb.go:1291.34,1293.4 1 0
github.com/sandrolain/permissions/pkg/grpc/permissions.pb.go:1294.3,1294.12 1 0
github.com/sandrolain/permissions/pkg/grpc/permissions.pb.go:1296.2,1296.24 1 0
github.com/sandrolain/permissions/pkg/grpc/permissions.pb.go:1300.61,1302.2 1 0
github.com/sandrolain/permissions/pkg/grpc/permissions.pb.go:1304.53,1305.14 1 0
github.com/sandrolain/permissions/pkg/grpc/permissions.pb.go:1305.14,1307.3 1 0
github.com/sandrolain/permissions/pkg/grpc/permissions.pb.go:1308.2,1308.14 1 0
github.com/sandrolain/permissions/pkg/grpc/permissions.pb.go:1319.40,1321.29 2 0
github.com/sandrolain/permissions/pkg/grpc/permissions.pb.go:1321.29,1325.3 3 0
github.com/sandrolain/permissions/pkg/grpc/permissions.pb.go:1328.48,1330.2 1 0
github.com/sandrolain/permissions/pkg/grpc/permissions.pb.go:1332.46,1332.47 0 0
github.com/sandrolain/permissions/pkg/grpc/permissions.pb.go:1334.68,1336.41 2 0
github.com/sandrolain/permissions/pkg/grpc/permissions.pb.go:1336.41,1338.34 2 0
github.com/sandrolain/permissions/pkg/grpc/permissions.pb.go:1338.34,1340.4 1 0
github.com/sandrolain/permissions/pkg/grpc/permissions.pb.go:1341.3,1341.12 1 0
github.com/sandrolain/permissions/pkg/grpc/permissions.pb.go:1343.2,1343.24 1 0
github.com/sandrolain/permissions/pkg/grpc/permissions.pb.go:1347.59,1349.2 1 0
github.com/sandrolain/permissions/pkg/grpc/permissions.pb.go:1351.50,1352.14 1 0
github.com/sandrolain/permissions/pkg/grpc/permissions.pb.go:1352.14,1354.3 1 0
github.com/sandrolain/permissions/pkg/grpc/permissions.pb.go:1355.2,1355.11 1 0
github.com/sandrolain/permissions/pkg/grpc/permissions.pb.go:1366.41,1368.29 2 0
github.com/sandrolain/permissions/pkg/grpc/permissions.pb.go:1368.29,1372.3 3 0
github.com/sandrolain/permissions/pkg/grpc/permissions.pb.go:1375.49,1377.2 1 0
github.com/sandrolain/permissions/pkg/grpc/permissions.pb.go:1379.47,1379.48 0 0
github.com/sandrolain/permissions/pkg/grpc/permissions.pb.go:1381.69,1383.41 2 0
github.com/sandrolain/permissions/pkg/grpc/permissions.pb.go:1383.41,1385.34 2 0
github.com/sandrolain/permissions/pkg/grpc/permissions.pb.go:1385.34,1387.4 1 0
github.com/sandrolain/permissions/pkg/grpc/permissions.pb.go:1388.3,1388.12 1 0
github.com/sandrolain/permissions/pkg/grpc/permissions.pb.go:1390.2,1390.24 1 0
github.com/sandrolain/permissions/pkg/grpc/permissions.pb.go:1394.60,1396.2 1 0
github.com/sandrolain/permissions/pkg/grpc/permissions.pb.go:1398.51,1399.14 1 0
github.com/sandrolain/permissions/pkg/grpc/permissions.pb.go:1399.14,1401.3 1 0
github.com/sandrolain/permissions/pkg/grpc/permissions.pb.go:1402.2,1402.14 1 0
github.com/sandrolain/permissions/pkg/grpc/permissions.pb.go:1414.38,1416.29 2 0
github.com/sandrolain/permissions/pkg/grpc/permissions.pb.go:1416.29,1420.3 3 0
github.com/sandrolain/permissions/pkg/grpc/permissions.pb.go:1423.46,1425.2 1 0
github.com/sandrolain/permissions/pkg/grpc/permissions.pb.go:1427.44,1427.45 0 0
github.com/sandrolain/permissions/pkg/grpc/permissions.pb.go:1429.66,1431.41 2 0
github.com/sandrolain/permissions/pkg/grpc/permissions.pb.go:1431.41,1433.34 2 0
github.com/sandrolain/permissions/pkg/grpc/permissions.pb.go:1433.34,1435.4 1 0
github.com/sandrolain/permissions/pkg/grpc/permissions.pb.go:1436.3,1436.12 1 0
github.com/sandrolain/permissions/pkg/grpc/permissions.pb.go:1438.2,1438.24 1 0
github.com/sandrolain/permissions/pkg/grpc/permissions.pb.go:1442.57,1444.2 1 0
github.com/sandrolain/permissions/pkg/grpc/permissions.pb.go:1446.47,1447.14 1 0
github.com/sandrolain/permissions/pkg/grpc/permissions.pb.go:1447.14,1449.3 1 0
github.com/sandrolain/permissions/pkg/grpc/permissions.pb.go:1450.2,1450.11 1 0
github.com/sandrolain/permissions/pkg/grpc/permissions.pb.go:1453.48,1454.14 1 0
github.com/sandrolain/permissions/pkg/grpc/permissions.pb.go:1454.14,1456.3 1 0
github.com/sandrolain/permissions/pkg/grpc/permissions.pb.go:1457.2,1457.11 1 0
github.com/sandrolain/permissions/pkg/grpc/permissions.pb.go:1468.39,1470.29 2 0
github.com/sandrolain/permissions/pkg/grpc/permissions.pb.go:1470.29,1474.3 3 0
github.com/sandrolain/permissions/pkg/grpc/permissions.pb.go:1477.47,1479.2 1 0
github.com/sandrolain/permissions/pkg/grpc/permissions.pb.go:1481.45,1481.46 0 0
github.com/sandrolain/permissions/pkg/grpc/permissions.pb.go:1483.67,1485.41 2 0
github.com/sandrolain/permissions/pkg/grpc/permissions.pb.go:1485.41,1487.34 2 0
github.com/sandrolain/permissions/pkg/grpc/permissions.pb.go:1487.34,1489.4 1 0
github.com/sandrolain/permissions/pkg/grpc/permissions.pb.go:1490.3,1490.12 1 0
github.com/sandrolain/permissions/pkg/grpc/permissions.pb.go:1492.2,1492.24 1 0
github.com/sandrolain/permissions/pkg/grpc/permissions.pb.go:1496.58,1498.2 1 0
github.com/sandrolain/permissions/pkg/grpc/permissions.pb.go:1500.49,1501.14 1 0
github.com/sandrolain/permissions/pkg/grpc/permissions.pb.go:1501.14,1503.3 1 0
github.com/sandrolain/permissions/pkg/grpc/permissions.pb.go:1504.2,1504.14 1 0
github.com/sandrolain/permissions/pkg/grpc/permissions.pb.go:1516.38,1518.29 2 0
github.com/sandrolain/permissions/pkg/grpc/permissions.pb.go:1518.29,1522.3 3 0
github.com/sandrolain/permissions/pkg/grpc/permissions.pb.go:1525.46,1527.2 1 0
github.com/sandrolain/permissions/pkg/grpc/permissions.pb.go:1529.44,1529.45 0 0
github.com/sandrolain/permissions/pkg/grpc/permissions.pb.go:1531.66,1533.41 2 0
github.com/sandrolain/permissions/pkg/grpc/permissions.pb.go:1533.41,1535.34 2 0
github.com/sandrolain/permissions/pkg/grpc/permissions.pb.go:1535.34,1537.4 1 0
github.com/sandrolain/permissions/pkg/grpc/permissions.pb.go:1538.3,1538.12 1 0
github.com/sandrolain/permissions/pkg/grpc/permissions.pb.go:1540.2,1540.24 1 0
github.com/sandrolain/permissions/pkg/grpc/permissions.pb.go:1544.57,1546.2 1 0
github.com/sandrolain/permissions/pkg/grpc/permissions.pb.go:1548.47,1549.14 1 0
github.com/sandrolain/permissions/pkg/grpc/permissions.pb.go:1549.14,1551.3 1 0
github.com/sandrolain/permissions/pkg/grpc/permissions.pb.go:1552.2,1552.11 1 0
github.com/sandrolain/permissions/pkg/grpc/permissions.pb.go:1555.48,1556.14 1 0
github.com/sandrolain/permissions/pkg/grpc/permissions.pb.go:1556.14,1558.3 1 0
github.com/sandrolain/permissions/pkg/grpc/permissions.pb.go:1559.2,1559.11 1 0
github.com/sandrolain/permissions/pkg/grpc/permissions.pb.go:1570.39,1572.29 2 0
github.com/sandrolain/permissions/pkg/grpc/permissions.pb.go:1572.29,1576.3 3 0
github.com/sandrolain/permissions/pkg/grpc/permissions.pb.go:1579.47,1581.2 1 0
github.com/sandrolain/permissions/pkg/grpc/permissions.pb.go:1583.45,1583.46 0 0
github.com/sandrolain/permissions/pkg/grpc/permissions.pb.go:1585.67,1587.41 2 0
github.com/sandrolain/permissions/pkg/grpc/permissions.pb.go:1587.41,1589.34 2 0
github.com/sandrolain/permissions/pkg/grpc/permissions.pb.go:1589.34,1591.4 1 0
github.com/sandrolain/permissions/pkg/grpc/permissions.pb.go:1592.3,1592.12 1 0
github.com/sandrolain/permissions/pkg/grpc/permissions.pb.go:1594.2,1594.24 1 0
github.com/sandrolain/permissions/pkg/grpc/permissions.pb.go:1598.58,1600.2 1 0
github.com/sandrolain/permissions/pkg/grpc/permissions.pb.go:1602.49,1603.14 1 0
github.com/sandrolain/permissions/pkg/grpc/permissions.pb.go:1603.14,1605.3 1 0
github.com/sandrolain/permissions/pkg/grpc/permissions.pb.go:1606.2,1606.14 1 0
github.com/sandrolain/permissions/pkg/grpc/permissions.pb.go:1885.59,1886.56 1 0
github.com/sandrolain/permissions/pkg/grpc/permissions.pb.go:1886.56,1888.3 1 0
github.com/sandrolain/permissions/pkg/grpc/permissions.pb.go:1889.2,1889.52 1 0
github.com/sandrolain/permissions/pkg/grpc/permissions.pb.go:1967.13,1967.55 1 0
github.com/sandrolain/permissions/pkg/grpc/permissions.pb.go:1968.45,1969.44 1 0
github.com/sandrolain/permissions/pkg/grpc/permissions.pb.go:1969.44,1971.3 1 0
github.com/sandrolain/permissions/pkg/grpc/permissions.pb.go:1972.2,1972.30 1 0
github.com/sandrolain/permissions/pkg/grpc/permissions.pb.go:1972.30,1973.97 1 0
github.com/sandrolain/permissions/pkg/grpc/permissions.pb.go:1973.97,1974.44 1 0
github.com/sandrolain/permissions/pkg/grpc/permissions.pb.go:1975.11,1976.20 1 0
github.com/sandrolain/permissions/pkg/grpc/permissions.pb.go:1977.11,1978.24 1 0
github.com/sandrolain/permissions/pkg/grpc/permissions.pb.go:1979.11,1980.28 1 0
github.com/sandrolain/permissions/pkg/grpc/permissions.pb.go:1981.12,1982.15 1 0
github.com/sandrolain/permissions/pkg/grpc/permissions.pb.go:1985.3,1985.97 1 0
github.com/sandrolain/permissions/pkg/grpc/permissions.pb.go:1985.97,1986.45 1 0
github.com/sandrolain/permissions/pkg/grpc/permissions.pb.go:1987.11,1988.20 1 0
github.com/sandrolain/permissions/pkg/grpc/permissions.pb.go:1989.11,1990.24 1 0
github.com/sandrolain/permissions/pkg/grpc/permissions.pb.go:1991.11,1992.28 1 0
github.com/sandrolain/permissions/pkg/grpc/permissions.pb.go:1993.12,1994.15 1 0
github.com/sandrolain/permissions/pkg/grpc/permissions.pb.go:1997.3,1997.97 1 0
github.com/sandrolain/permissions/pkg/grpc/permissions.pb.go:1997.97,1998.43 1 0
github.com/sandrolain/permissions/pkg/grpc/permissions.pb.go:1999.11,2000.20 1 0
github.com/sandrolain/permissions/pkg/grpc/permissions.pb.go:2001.11,2002.24 1 0
github.com/sandrolain/permissions/pkg/grpc/permissions.pb.go:2003.11,2004.28 1 0
github.com/sandrolain/permissions/pkg/grpc/permissions.pb.go:2005.12,2006.15 1 0
github.com/sandrolain/permissions/pkg/grpc/permissions.pb.go:2009.3,2009.97 1 0
github.com/sandrolain/permissions/pkg/grpc/permissions.pb.go:2009.97,2010.44 1 0
github.com/sandrolain/permissions/pkg/grpc/permissions.pb.go:2011.11,2012.20 1 0
github.com/sandrolain/permissions/pkg/grpc/permissions.pb.go:2013.11,2014.24 1 0
github.com/sandrolain/permissions/pkg/grpc/permissions.pb.go:2015.11,2016.28 1 0
github.com/sandrolain/permissions/pkg/grpc/permissions.pb.go:2017.12,2018.15 1 0
github.com/sandrolain/permissions/pkg/grpc/permissions.pb.go:2021.3,2021.97 1 0
github.com/sandrolain/permissions/pkg/grpc/permissions.pb.go:2021.97,2022.45 1 0
github.com/sandrolain/permissions/pkg/grpc/permissions.pb.go:2023.11,2024.20 1 0
github.com/sandrolain/permissions/pkg/grpc/permissions.pb.go:2025.11,2026.24 1 0
github.com/sandrolain/permissions/pkg/grpc/permissions.pb.go:2027.11,2028.28 1 0
github.com/sandrolain/permissions/pkg/grpc/permissions.pb.go:2029.12,2030.15 1 0
github.com/sandrolain/permissions/pkg/grpc/permissions.pb.go:2033.3,2033.97 1 0
github.com/sandrolain/permissions/pkg/grpc/permissions.pb.go:2033.97,2034.46 1 0
github.com/sandrolain/permissions/pkg/grpc/permissions.pb.go:2035.11,2036.20 1 0
github.com/sandrolain/permissions/pkg/grpc/permissions.pb.go:2037.11,2038.24 1 0
github.com/sandrolain/permissions/pkg/grpc/permissions.pb.go:2039.11,2040.28 1 0
github.com/sandrolain/permissions/pkg/grpc/permissions.pb.go:2041.12,2042.15 1 0
github.com/sandrolain/permissions/pkg/grpc/permissions.pb.go:2045.3,2045.97 1 0
github.com/sandrolain/permissions/pkg/grpc/permissions.pb.go:2045.97,2046.34 1 0
github.com/sandrolain/permissions/pkg/grpc/permissions.pb.go:2047.11,2048.20 1 0
github.com/sandrolain/permissions/pkg/grpc/permissions.pb.go:2049.11,2050.24 1 0
github.com/sandrolain/permissions/pkg/grpc/permissions.pb.go:2051.11,2052.28 1 0
github.com/sandrolain/permissions/pkg/grpc/permissions.pb.go:2053.12,2054.15 1 0
github.com/sandrolain/permissions/pkg/grpc/permissions.pb.go:2057.3,2057.97 1 0
github.com/sandrolain/permissions/pkg/grpc/permissions.pb.go:2057.97,2058.47 1 0
github.com/sandrolain/permissions/pkg/grpc/permissions.pb.go:2059.11,2060.20 1 0
github.com/sandrolain/permissions/pkg/grpc/permissions.pb.go:2061.11,2062.24 1 0
github.com/sandrolain/permissions/pkg/grpc/permissions.pb.go:2063.11,2064.28 1 0
github.com/sandrolain/permissions/pkg/grpc/permissions.pb.go:2065.12,2066.15 1 0
github.com/sandrolain/permissions/pkg/grpc/permissions.pb.go:2069.3,2069.97 1 0
github.com/sandrolain/permissions/pkg/grpc/permissions.pb.go:2069.97,2070.48 1 0
github.com/sandrolain/permissions/pkg/grpc/permissions.pb.go:2071.11,2072.20 1 0
github.com/sandrolain/permissions/pkg/grpc/permissions.pb.go:2073.11,2074.24 1 0
github.com/sandrolain/permissions/pkg/grpc/permissions.pb.go:2075.11,2076.28 1 0
github.com/sandrolain/permissions/pkg/grpc/permissions.pb.go:2077.12,2078.15 1 0
github.com/sandrolain/permissions/pkg/grpc/permissions.pb.go:2081.3,2081.97 1 0
github.com/sandrolain/permissions/pkg/grpc/permissions.pb.go:2081.97,2082.45 1 0
github.com/sandrolain/permissions/pkg/grpc/permissions.pb.go:2083.11,2084.20 1 0
github.com/sandrolain/permissions/pkg/grpc/permissions.pb.go:2085.11,2086.24 1 0
github.com/sandrolain/permissions/pkg/grpc/permissions.pb.go:2087.11,2088.28 1 0
github.com/sandrolain/permissions/pkg/grpc/permissions.pb.go:2089.12,2090.15 1 0
github.com/sandrolain/permissions/pkg/grpc/permissions.pb.go:2093.3,2093.98 1 0
github.com/sandrolain/permissions/pkg/grpc/permissions.pb.go:2093.98,2094.46 1 0
github.com/sandrolain/permissions/pkg/grpc/permissions.pb.go:2095.11,2096.20 1 0
github.com/sandrolain/permissions/pkg/grpc/permissions.pb.go:2097.11,2098.24 1 0
github.com/sandrolain/permissions/pkg/grpc/permissions.pb.go:2099.11,2100.28 1 0
github.com/sandrolain/permissions/pkg/grpc/permissions.pb.go:2101.12,2102.15 1 0
github.com/sandrolain/permissions/pkg/grpc/permissions.pb.go:2105.3,2105.98 1 0
github.com/sandrolain/permissions/pkg/grpc/permissions.pb.go:2105.98,2106.45 1 0
github.com/sandrolain/permissions/pkg/grpc/permissions.pb.go:2107.11,2108.20 1 0
github.com/sandrolain/permissions/pkg/grpc/permissions.pb.go:2109.11,2110.24 1 0
github.com/sandrolain/permissions/pkg/grpc/permissions.pb.go:2111.11,2112.28 1 0
github.com/sandrolain/permissions/pkg/grpc/permissions.pb.go:2113.12,2114.15 1 0
github.com/sandrolain/permissions/pkg/grpc/permissions.pb.go:2117.3,2117.98 1 0
github.com/sandrolain/permissions/pkg/grpc/permissions.pb.go:2117.98,2118.46 1 0
github.com/sandrolain/permissions/pkg/grpc/permissions.pb.go:2119.11,2120.20 1 0
github.com/sandrolain/permissions/pkg/grpc/permissions.pb.go:2121.11,2122.24 1 0
github.com/sandrolain/permissions/pkg/grpc/permissions.pb.go:2123.11,2124.28 1 0
github.com/sandrolain/permissions/pkg/grpc/permissions.pb.go:2125.12,2126.15 1 0
github.com/sandrolain/permissions/pkg/grpc/permissions.pb.go:2129.3,2129.98 1 0
github.com/sandrolain/permissions/pkg/grpc/permissions.pb.go:2129.98,2130.46 1 0
github.com/sandrolain/permissions/pkg/grpc/permissions.pb.go:2131.11,2132.20 1 0
github.com/sandrolain/permissions/pkg/grpc/permissions.pb.go:2133.11,2134.24 1 0
github.com/sandrolain/permissions/pkg/grpc/permissions.pb.go:2135.11,2136.28 1 0
github.com/sandrolain/permissions/pkg/grpc/permissions.pb.go:2137.12,2138.15 1 0
github.com/sandrolain/permissions/pkg/grpc/permissions.pb.go:2141.3,2141.98 1 0
github.com/sandrolain/permissions/pkg/grpc/permissions.pb.go:2141.98,2142.47 1 0
github.com/sandrolain/permissions/pkg/grpc/permissions.pb.go:2143.11,2144.20 1 0
github.com/sandrolain/permissions/pkg/grpc/permissions.pb.go:2145.11,2146.24 1 0
github.com/sandrolain/permissions/pkg/grpc/permissions.pb.go:2147.11,2148.28 1 0
github.com/sandrolain/permissions/pkg/grpc/permissions.pb.go:2149.12,2150.15 1 0
github.com/sandrolain/permissions/pkg/grpc/permissions.pb.go:2153.3,2153.98 1 0
github.com/sandrolain/permissions/pkg/grpc/permissions.pb.go:2153.98,2154.44 1 0
github.com/sandrolain/permissions/pkg/grpc/permissions.pb.go:2155.11,2156.20 1 0
github.com/sandrolain/permissions/pkg/grpc/permissions.pb.go:2157.11,2158.24 1 0
github.com/sandrolain/permissions/pkg/grpc/permissions.pb.go:2159.11,2160.28 1 0
github.com/sandrolain/permissions/pkg/grpc/permissions.pb.go:2161.12,2162.15 1 0
github.com/sandrolain/permissions/pkg/grpc/permissions.pb.go:2165.3,2165.98 1 0
github.com/sandrolain/permissions/pkg/grpc/permissions.pb.go:2165.98,2166.45 1 0
github.com/sandrolain/permissions/pkg/grpc/permissions.pb.go:2167.11,2168.20 1 0
github.com/sandrolain/permissions/pkg/grpc/permissions.pb.go:2169.11,2170.24 1 0
github.com/sandrolain/permissions/pkg/grpc/permissions.pb.go:2171.11,2172.28 1 0
github.com/sandrolain/permissions/pkg/grpc/permissions.pb.go:2173.12,2174.15 1 0
github.com/sandrolain/permissions/pkg/grpc/permissions.pb.go:2177.3,2177.98 1 0
github.com/sandrolain/permissions/pkg/grpc/permissions.pb.go:2177.98,2178.44 1 0
github.com/sandrolain/permissions/pkg/grpc/permissions.pb.go:2179.11,2180.20 1 0
github.com/sandrolain/permissions/pkg/grpc/permissions.pb.go:2181.11,2182.24 1 0
github.com/sandrolain/permissions/pkg/grpc/permissions.pb.go:2183.11,2184.28 1 0
github.com/sandrolain/permissions/pkg/grpc/permissions.pb.go:2185.12,2186.15 1 0
github.com/sandrolain/permissions/pkg/grpc/permissions.pb.go:2189.3,2189.98 1 0
github.com/sandrolain/permissions/pkg/grpc/permissions.pb.go:2189.98,2190.45 1 0
github.com/sandrolain/permissions/pkg/grpc/permissions.pb.go:2191.11,2192.20 1 0
github.com/sandrolain/permissions/pkg/grpc/permissions.pb.go:2193.11,2194.24 1 0
github.com/sandrolain/permissions/pkg/grpc/permissions.pb.go:2195.11,2196.28 1 0
github.com/sandrolain/permissions/pkg/grpc/permissions.pb.go:2197.12,2198.15 1 0
github.com/sandrolain/permissions/pkg/grpc/permissions.pb.go:2201.3,2201.98 1 0
github.com/sandrolain/permissions/pkg/grpc/permissions.pb.go:2201.98,2202.48 1 0
github.com/sandrolain/permissions/pkg/grpc/permissions.pb.go:2203.11,2204.20 1 0
github.com/sandrolain/permissions/pkg/grpc/permissions.pb.go:2205.11,2206.24 1 0
github.com/sandrolain/permissions/pkg/grpc/permissions.pb.go:2207.11,2208.28 1 0
github.com/sandrolain/permissions/pkg/grpc/permissions.pb.go:2209.12,2210.15 1 0
github.com/sandrolain/permissions/pkg/grpc/permissions.pb.go:2213.3,2213.98 1 0
github.com/sandrolain/permissions/pkg/grpc/permissions.pb.go:2213.98,2214.49 1 0
github.com/sandrolain/permissions/pkg/grpc/permissions.pb.go:2215.11,2216.20 1 0
github.com/sandrolain/permissions/pkg/grpc/permissions.pb.go:2217.11,2218.24 1 0
github.com/sandrolain/permissions/pkg/grpc/permissions.pb.go:2219.11,2220.28 1 0
github.com/sandrolain/permissions/pkg/grpc/permissions.pb.go:2221.12,2222.15 1 0
github.com/sandrolain/permissions/pkg/grpc/permissions.pb.go:2225.3,2225.98 1 0
github.com/sandrolain/permissions/pkg/grpc/permissions.pb.go:2225.98,2226.46 1 0
github.com/sandrolain/permissions/pkg/grpc/permissions.pb.go:2227.11,2228.20 1 0
github.com/sandrolain/permissions/pkg/grpc/permissions.pb.go:2229.11,2230.24 1 0
github.com/sandrolain/permissions/pkg/grpc/permissions.pb.go:2231.11,2232.28 1 0
github.com/sandrolain/permissions/pkg/grpc/permissions.pb.go:2233.12,2234.15 1 0
github.com/sandrolain/permissions/pkg/grpc/permissions.pb.go:2237.3,2237.98 1 0
github.com/sandrolain/permissions/pkg/grpc/permissions.pb.go:2237.98,2238.47 1 0
github.com/sandrolain/permissions/pkg/grpc/permissions.pb.go:2239.11,2240.20 1 0
github.com/sandrolain/permissions/pkg/grpc/permissions.pb.go:2241.11,2242.24 1 0
github.com/sandrolain/permissions/pkg/grpc/permissions.pb.go:2243.11,2244.28 1 0
github.com/sandrolain/permissions/pkg/grpc/permissions.pb.go:2245.12,2246.15 1 0
github.com/sandrolain/permissions/pkg/grpc/permissions.pb.go:2249.3,2249.98 1 0
github.com/sandrolain/permissions/pkg/grpc/permissions.pb.go:2249.98,2250.46 1 0
github.com/sandrolain/permissions/pkg/grpc/permissions.pb.go:2251.11,2252.20 1 0
github.com/sandrolain/permissions/pkg/grpc/permissions.pb.go:2253.11,2254.24 1 0
github.com/sandrolain/permissions/pkg/grpc/permissions.pb.go:2255.11,2256.28 1 0
github.com/sandrolain/permissions/pkg/grpc/permissions.pb.go:2257.12,2258.15 1 0
github.com/sandrolain/permissions/pkg/grpc/permissions.pb.go:2261.3,2261.98 1 0
github.com/sandrolain/permissions/pkg/grpc/permissions.pb.go:2261.98,2262.47 1 0
github.com/sandrolain/permissions/pkg/grpc/permissions.pb.go:2263.11,2264.20 1 0
github.com/sandrolain/permissions/pkg/grpc/permissions.pb.go:2265.11,2266.24 1 0
github.com/sandrolain/permissions/pkg/grpc/permissions.pb.go:2267.11,2268.28 1 0
github.com/sandrolain/permissions/pkg/grpc/permissions.pb.go:2269.12,2270.15 1 0
github.com/sandrolain/permissions/pkg/grpc/permissions.pb.go:2273.3,2273.98 1 0
github.com/sandrolain/permissions/pkg/grpc/permissions.pb.go:2273.98,2274.45 1 0
github.com/sandrolain/permissions/pkg/grpc/permissions.pb.go:2275.11,2276.20 1 0
github.com/sandrolain/permissions/pkg/grpc/permissions.pb.go:2277.11,2278.24 1 0
github.com/sandrolain/permissions/pkg/grpc/permissions.pb.go:2279.11,2280.28 1 0
github.com/sandrolain/permissions/pkg/grpc/permissions.pb.go:2281.12,2282.15 1 0
github.com/sandrolain/permissions/pkg/grpc/permissions.pb.go:2285.3,2285.98 1 0
github.com/sandrolain/permissions/pkg/grpc/permissions.pb.go:2285.98,2286.46 1 0
github.com/sandrolain/permissions/pkg/grpc/permissions.pb.go:2287.11,2288.20 1 0
github.com/sandrolain/permissions/pkg/grpc/permissions.pb.go:2289.11,2290.24 1 0
github.com/sandrolain/permissions/pkg/grpc/permissions.pb.go:2291.11,2292.28 1 0
github.com/sandrolain/permissions/pkg/grpc/permissions.pb.go:2293.12,2294.15 1 0
github.com/sandrolain/permissions/pkg/grpc/permissions.pb.go:2297.3,2297.98 1 0
github.com/sandrolain/permissions/pkg/grpc/permissions.pb.go:2297.98,2298.43 1 0
github.com/sandrolain/permissions/pkg/grpc/permissions.pb.go:2299.11,2300.20 1 0
github.com/sandrolain/permissions/pkg/grpc/permissions.pb.go:2301.11,2302.24 1 0
github.com/sandrolain/permissions/pkg/grpc/permissions.pb.go:2303.11,2304.28 1 0
github.com/sandrolain/permissions/pkg/grpc/permissions.pb.go:2305.12,2306.15 1 0
github.com/sandrolain/permissions/pkg/grpc/permissions.pb.go:2309.3,2309.98 1 0
github.com/sandrolain/permissions/pkg/grpc/permissions.pb.go:2309.98,2310.44 1 0
github.com/sandrolain/permissions/pkg/grpc/permissions.pb.go:2311.11,2312.20 1 0
github.com/sandrolain/permissions/pkg/grpc/permissions.pb.go:2313.11,2314.24 1 0
github.com/sandrolain/permissions/pkg/grpc/permissions.pb.go:2315.11,2316.28 1 0
github.com/sandrolain/permissions/pkg/grpc/permissions.pb.go:2317.12,2318.15 1 0
github.com/sandrolain/permissions/pkg/grpc/permissions.pb.go:2321.3,2321.98 1 0
github.com/sandrolain/permissions/pkg/grpc/permissions.pb.go:2321.98,2322.43 1 0
github.com/sandrolain/permissions/pkg/grpc/permissions.pb.go:2323.11,2324.20 1 0
github.com/sandrolain/permissions/pkg/grpc/permissions.pb.go:2325.11,2326.24 1 0
github.com/sandrolain/permissions/pkg/grpc/permissions.pb.go:2327.11,2328.28 1 0
github.com/sandrolain/permissions/pkg/grpc/permissions.pb.go:2329.12,2330.15 1 0
github.com/sandrolain/permissions/pkg/grpc/permissions.pb.go:2333.3,2333.98 1 0
github.com/sandrolain/permissions/pkg/grpc/permissions.pb.go:2333.98,2334.44 1 0
github.com/sandrolain/permissions/pkg/grpc/permissions.pb.go:2335.11,2336.20 1 0
github.com/sandrolain/permissions/pkg/grpc/permissions.pb.go:2337.11,2338.24 1 0
github.com/sandrolain/permissions/pkg/grpc/permissions.pb.go:2339.11,2340.28 1 0
github.com/sandrolain/permissions/pkg/grpc/permissions.pb.go:2341.12,2342.15 1 0
github.com/sandrolain/permissions/pkg/grpc/permissions.pb.go:2346.2,2363.47 6 0
github.com/sandrolain/permissions/pkg/grpc/permissions_grpc.pb.go:64.88,66.2 1 0
github.com/sandrolain/permissions/pkg/grpc/permissions_grpc.pb.go:68.151,71.16 3 0
github.com/sandrolain/permissions/pkg/grpc/permissions_grpc.pb.go:71.16,73.3 1 0
github.com/sandrolain/permissions/pkg/grpc/permissions_grpc.pb.go:74.2,74.17 1 0
github.com/sandrolain/permissions/pkg/grpc/permissions_grpc.pb.go:77.148,80.16 3 0
github.com/sandrolain/permissions/pkg/grpc/permissions_grpc.pb.go:80.16,82.3 1 0
github.com/sandrolain/permissions/pkg/grpc/permissions_grpc.pb.go:83.2,83.17 1 0
github.com/sandrolain/permissions/pkg/grpc/permissions_grpc.pb.go:86.154,89.16 3 0
github.com/sandrolain/permissions/pkg/grpc/permissions_grpc.pb.go:89.16,91.3 1 0
github.com/sandrolain/permissions/pkg/grpc/permissions_grpc.pb.go:92.2,92.17 1 0
github.com/sandrolain/permissions/pkg/grpc/permissions_grpc.pb.go:95.160,98.16 3 0
github.com/sandrolain/permissions/pkg/grpc/permissions_grpc.pb.go:98.16,100.3 1 0
github.com/sandrolain/permissions/pkg/grpc/permissions_grpc.pb.go:101.2,101.17 1 0
github.com/sandrolain/permissions/pkg/grpc/permissions_grpc.pb.go:104.154,107.16 3 0
github.com/sandrolain/permissions/pkg/grpc/permissions_grpc.pb.go:107.16,109.3 1 0
github.com/sandrolain/permissions/pkg/grpc/permissions_grpc.pb.go:110.2,110.17 1 0
github.com/sandrolain/permissions/pkg/grpc/permissions_grpc.pb.go:113.154,116.16 3 0
github.com/sandrolain/permissions/pkg/grpc/permissions_grpc.pb.go:116.16,118.3 1 0
github.com/sandrolain/permissions/pkg/grpc/permissions_grpc.pb.go:119.2,119.17 1 0
github.com/sandrolain/permissions/pkg/grpc/permissions_grpc.pb.go:122.157,125.16 3 0
github.com/sandrolain/permissions/pkg/grpc/permissions_grpc.pb.go:125.16,127.3 1 0
github.com/sandrolain/permissions/pkg/grpc/permissions_grpc.pb.go:128.2,128.17 1 0
github.com/sandrolain/permissions/pkg/grpc/permissions_grpc.pb.go:131.151,134.16 3 0
github.com/sandrolain/permissions/pkg/grpc/permissions_grpc.pb.go:134.16,136.3 1 0
github.com/sandrolain/permissions/pkg/grpc/permissions_grpc.pb.go:137.2,137.17 1 0
github.com/sandrolain/permissions/pkg/grpc/permissions_grpc.pb.go:140.151,143.16 3 0
github.com/sandrolain/permissions/pkg/grpc/permissions_grpc.pb.go:143.16,145.3 1 0
github.com/sandrolain/permissions/pkg/grpc/permissions_grpc.pb.go:146.2,146.17 1 0
github.com/sandrolain/permissions/pkg/grpc/permissions_grpc.pb.go:149.163,152.16 3 0
github.com/sandrolain/permissions/pkg/grpc/permissions_grpc.pb.go:152.16,154.3 1 0
github.com/sandrolain/permissions/pkg/grpc/permissions_grpc.pb.go:155.2,155.17 1 0
github.com/sandrolain/permissions/pkg/grpc/permissions_grpc.pb.go:158.157,161.16 3 0
github.com/sandrolain/permissions/pkg/grpc/permissions_grpc.pb.go:161.16,163.3 1 0
github.com/sandrolain/permissions/pkg/grpc/permissions_grpc.pb.go:164.2,164.17 1 0
github.com/sandrolain/permissions/pkg/grpc/permissions_grpc.pb.go:167.157,170.16 3 0
github.com/sandrolain/permissions/pkg/grpc/permissions_grpc.pb.go:170.16,172.3 1 0
github.com/sandrolain/permissions/pkg/grpc/permissions_grpc.pb.go:173.2,173.17 1 0
github.com/sandrolain/permissions/pkg/grpc/permissions_grpc.pb.go:176.154,179.16 3 0
github.com/sandrolain/permissions/pkg/grpc/permissions_grpc.pb.go:179.16,181.3 1 0
github.com/sandrolain/permissions/pkg/grpc/permissions_grpc.pb.go:182.2,182.17 1 0
github.com/sandrolain/permissions/pkg/grpc/permissions_grpc.pb.go:185.148,188.16 3 0
github.com/sandrolain/permissions/pkg/grpc/permissions_grpc.pb.go:188.16,190.3 1 0
github.com/sandrolain/permissions/pkg/grpc/permissions_grpc.pb.go:191.2,191.17 1 0
github.com/sandrolain/permissions/pkg/grpc/permissions_grpc.pb.go:194.148,197.16 3 0
github.com/sandrolain/permissions/pkg/grpc/permissions_grpc.pb.go:197.16,199.3 1 0
github.com/sandrolain/permissions/pkg/grpc/permissions_grpc.pb.go:200.2,200.17 1 0
github.com/sandrolain/permissions/pkg/grpc/permissions_grpc.pb.go:229.129,231.2 1 0
github.com/sandrolain/permissions/pkg/grpc/permissions_grpc.pb.go:232.126,234.2 1 0
github.com/sandrolain/permissions/pkg/grpc/permissions_grpc.pb.go:235.132,237.2 1 0
github.com/sandrolain/permissions/pkg/grpc/permissions_grpc.pb.go:238.138,240.2 1 0
github.com/sandrolain/permissions/pkg/grpc/permissions_grpc.pb.go:241.132,243.2 1 0
github.com/sandrolain/permissions/pkg/grpc/permissions_grpc.pb.go:244.132,246.2 1 0
github.com/sandrolain/permissions/pkg/grpc/permissions_grpc.pb.go:247.135,249.2 1 0
github.com/sandrolain/permissions/pkg/grpc/permissions_grpc.pb.go:250.129,252.2 1 0
github.com/sandrolain/permissions/pkg/grpc/permissions_grpc.pb.go:253.129,255.2 1 0
github.com/sandrolain/permissions/pkg/grpc/permissions_grpc.pb.go:256.141,258.2 1 0
github.com/sandrolain/permissions/pkg/grpc/permissions_grpc.pb.go:259.135,261.2 1 0
github.com/sandrolain/permissions/pkg/grpc/permissions_grpc.pb.go:262.135,264.2 1 0
github.com/sandrolain/permissions/pkg/grpc/permissions_grpc.pb.go:265.132,267.2 1 0
github.com/sandrolain/permissions/pkg/grpc/permissions_grpc.pb.go:268.126,270.2 1 0
github.com/sandrolain/permissions/pkg/grpc/permissions_grpc.pb.go:271.126,273.2 1 0
github.com/sandrolain/permissions/pkg/grpc/permissions_grpc.pb.go:274.96,274.97 0 0
github.com/sandrolain/permissions/pkg/grpc/permissions_grpc.pb.go:283.94,285.2 1 0
github.com/sandrolain/permissions/pkg/grpc/permissions_grpc.pb.go:287.176,289.32 2 0
github.com/sandrolain/permissions/pkg/grpc/permissions_grpc.pb.go:289.32,291.3 1 0
github.com/sandrolain/permissions/pkg/grpc/permissions_grpc.pb.go:292.2,292.24 1 0
github.com/sandrolain/permissions/pkg/grpc/permissions_grpc.pb.go:292.24,294.3 1 0
github.com/sandrolain/permissions/pkg/grpc/permissions_grpc.pb.go:295.2,299.77 2 0
github.com/sandrolain/permissions/pkg/grpc/permissions_grpc.pb.go:299.77,301.3 1 0
github.com/sandrolain/permissions/pkg/grpc/permissions_grpc.pb.go:302.2,302.44 1 0
github.com/sandrolain/permissions/pkg/grpc/permissions_grpc.pb.go:305.175,307.32 2 0
github.com/sandrolain/permissions/pkg/grpc/permissions_grpc.pb.go:307.32,309.3 1 0
github.com/sandrolain/permissions/pkg/grpc/permissions_grpc.pb.go:310.2,310.24 1 0
github.com/sandrolain/permissions/pkg/grpc/permissions_grpc.pb.go:310.24,312.3 1 0
github.com/sandrolain/permissions/pkg/grpc/permissions_grpc.pb.go:313.2,317.77 2 0
github.com/sandrolain/permissions/pkg/grpc/permissions_grpc.pb.go:317.77,319.3 1 0
github.com/sandrolain/permissions/pkg/grpc/permissions_grpc.pb.go:320.2,320.44 1 0
github.com/sandrolain/permissions/pkg/grpc/permissions_grpc.pb.go:323.177,325.32 2 0
github.com/sandrolain/permissions/pkg/grpc/permissions_grpc.pb.go:325.32,327.3 1 0
github.com/sandrolain/permissions/pkg/grpc/permissions_grpc.pb.go:328.2,328.24 1 0
github.com/sandrolain/permissions/pkg/grpc/permissions_grpc.pb.go:328.24,330.3 1 0
github.com/sandrolain/permissions/pkg/grpc/permissions_grpc.pb.go:331.2,335.77 2 0
github.com/sandrolain/permissions/pkg/grpc/permissions_grpc.pb.go:335.77,337.3 1 0
github.com/sandrolain/permissions/pkg/grpc/permissions_grpc.pb.go:338.2,338.44 1 0
github.com/sandrolain/permissions/pkg/grpc/permissions_grpc.pb.go:341.179,343.32 2 0
github.com/sandrolain/permissions/pkg/grpc/permissions_grpc.pb.go:343.32,345.3 1 0
github.com/sandrolain/permissions/pkg/grpc/permissions_grpc.pb.go:346.2,346.24 1 0
github.com/sandrolain/permissions/pkg/grpc/permissions_grpc.pb.go:346.24,348.3 1 0
github.com/sandrolain/permissions/pkg/grpc/permissions_grpc.pb.go:349.2,353.77 2 0
github.com/sandrolain/permissions/pkg/grpc/permissions_grpc.pb.go:353.77,355.3 1 0
github.com/sandrolain/permissions/pkg/grpc/permissions_grpc.pb.go:356.2,356.44 1 0
github.com/sandrolain/permissions/pkg/grpc/permissions_grpc.pb.go:359.177,361.32 2 0
github.com/sandrolain/permissions/pkg/grpc/permissions_grpc.pb.go:361.32,363.3 1 0
github.com/sandrolain/permissions/pkg/grpc/permissions_grpc.pb.go:364.2,364.24 1 0
github.com/sandrolain/permissions/pkg/grpc/permissions_grpc.pb.go:364.24,366.3 1 0
github.com/sandrolain/permissions/pkg/grpc/permissions_grpc.pb.go:367.2,371.77 2 0
github.com/sandrolain/permissions/pkg/grpc/permissions_grpc.pb.go:371.77,373.3 1 0
github.com/sandrolain/permissions/pkg/grpc/permissions_grpc.pb.go:374.2,374.44 1 0
github.com/sandrolain/permissions/pkg/grpc/permissions_grpc.pb.go:377.177,379.32 2 0
github.com/sandrolain/permissions/pkg/grpc/permissions_grpc.pb.go:379.32,381.3 1 0
github.com/sandrolain/permissions/pkg/grpc/permissions_grpc.pb.go:382.2,382.24 1 0
github.com/sandrolain/permissions/pkg/grpc/permissions_grpc.pb.go:382.24,384.3 1 0
github.com/sandrolain/permissions/pkg/grpc/permissions_grpc.pb.go:385.2,389.77 2 0
github.com/sandrolain/permissions/pkg/grpc/permissions_grpc.pb.go:389.77,391.3 1 0
github.com/sandrolain/permissions/pkg/grpc/permissions_grpc.pb.go:392.2,392.44 1 0
github.com/sandrolain/permissions/pkg/grpc/permissions_grpc.pb.go:395.178,397.32 2 0
github.com/sandrolain/permissions/pkg/grpc/permissions_grpc.pb.go:397.32,399.3 1 0
github.com/sandrolain/permissions/pkg/grpc/permissions_grpc.pb.go:400.2,400.24 1 0
github.com/sandrolain/permissions/pkg/grpc/permissions_grpc.pb.go:400.24,402.3 1 0
github.com/sandrolain/permissions/pkg/grpc/permissions_grpc.pb.go:403.2,407.77 2 0
github.com/sandrolain/permissions/pkg/grpc/permissions_grpc.pb.go:407.77,409.3 1 0
github.com/sandrolain/permissions/pkg/grpc/permissions_grpc.pb.go:410.2,410.44 1 0
github.com/sandrolain/permissions/pkg/grpc/permissions_grpc.pb.go:413.176,415.32 2 0
github.com/sandrolain/permissions/pkg/grpc/permissions_grpc.pb.go:415.32,417.3 1 0
github.com/sandrolain/permissions/pkg/grpc/permissions_grpc.pb.go:418.2,418.24 1 0
github.com/sandrolain/permissions/pkg/grpc/permissions_grpc.pb.go:418.24,420.3 1 0
github.com/sandrolain/permissions/pkg/grpc/permissions_grpc.pb.go:421.2,425.77 2 0
github.com/sandrolain/permissions/pkg/grpc/permissions_grpc.pb.go:425.77,427.3 1 0
github.com/sandrolain/permissions/pkg/grpc/permissions_grpc.pb.go:428.2,428.44 1 0
github.com/sandrolain/permissions/pkg/grpc/permissions_grpc.pb.go:431.176,433.32 2 0
github.com/sandrolain/permissions/pkg/grpc/permissions_grpc.pb.go:433.32,435.3 1 0
github.com/sandrolain/permissions/pkg/grpc/permissions_grpc.pb.go:436.2,436.24 1 0
github.com/sandrolain/permissions/pkg/grpc/permissions_grpc.pb.go:436.24,438.3 1 0
github.com/sandrolain/permissions/pkg/grpc/permissions_grpc.pb.go:439.2,443.77 2 0
github.com/sandrolain/permissions/pkg/grpc/permissions_grpc.pb.go:443.77,445.3 1 0
github.com/sandrolain/permissions/pkg/grpc/permissions_grpc.pb.go:446.2,446.44 1 0
github.com/sandrolain/permissions/pkg/grpc/permissions_grpc.pb.go:449.180,451.32 2 0
github.com/sandrolain/permissions/pkg/grpc/permissions_grpc.pb.go:451.32,453.3 1 0
github.com/sandrolain/permissions/pkg/grpc/permissions_grpc.pb.go:454.2,454.24 1 0
github.com/sandrolain/permissions/pkg/grpc/permissions_grpc.pb.go:454.24,456.3 1 0
github.com/sandrolain/permissions/pkg/grpc/permissions_grpc.pb.go:457.2,461.77 2 0
github.com/sandrolain/permissions/pkg/grpc/permissions_grpc.pb.go:461.77,463.3 1 0
github.com/sandrolain/permissions/pkg/grpc/permissions_grpc.pb.go:464.2,464.44 1 0
github.com/sandrolain/permissions/pkg/grpc/permissions_grpc.pb.go:467.178,469.32 2 0
github.com/sandrolain/permissions/pkg/grpc/permissions_grpc.pb.go:469.32,471.3 1 0
github.com/sandrolain/permissions/pkg/grpc/permissions_grpc.pb.go:472.2,472.24 1 0
github.com/sandrolain/permissions/pkg/grpc/permissions_grpc.pb.go:472.24,474.3 1 0
github.com/sandrolain/permissions/pkg/grpc/permissions_grpc.pb.go:475.2,479.77 2 0
github.com/sandrolain/permissions/pkg/grpc/permissions_grpc.pb.go:479.77,481.3 1 0
github.com/sandrolain/permissions/pkg/grpc/permissions_grpc.pb.go:482.2,482.44 1 0
github.com/sandrolain/permissions/pkg/grpc/permissions_grpc.pb.go:485.178,487.32 2 0
github.com/sandrolain/permissions/pkg/grpc/permissions_grpc.pb.go:487.32,489.3 1 0
github.com/sandrolain/permissions/pkg/grpc/permissions_grpc.pb.go:490.2,490.24 1 0
github.com/sandrolain/permissions/pkg/grpc/permissions_grpc.pb.go:490.24,492.3 1 0
github.com/sandrolain/permissions/pkg/grpc/permissions_grpc.pb.go:493.2,497.77 2 0
github.com/sandrolain/permissions/pkg/grpc/permissions_grpc.pb.go:497.77,499.3 1 0
github.com/sandrolain/permissions/pkg/grpc/permissions_grpc.pb.go:500.2,500.44 1 0
github.com/sandrolain/permissions/pkg/grpc/permissions_grpc.pb.go:503.177,505.32 2 0
github.com/sandrolain/permissions/pkg/grpc/permissions_grpc.pb.go:505.32,507.3 1 0
github.com/sandrolain/permissions/pkg/grpc/permissions_grpc.pb.go:508.2,508.24 1 0
github.com/sandrolain/permissions/pkg/grpc/permissions_grpc.pb.go:508.24,510.3 1 0
github.com/sandrolain/permissions/pkg/grpc/permissions_grpc.pb.go:511.2,515.77 2 0
github.com/sandrolain/permissions/pkg/grpc/permissions_grpc.pb.go:515.77,517.3 1 0
github.com/sandrolain/permissions/pkg/grpc/permissions_grpc.pb.go:518.2,518.44 1 0
github.com/sandrolain/permissions/pkg/grpc/permissions_grpc.pb.go:521.175,523.32 2 0
github.com/sandrolain/permissions/pkg/grpc/permissions_grpc.pb.go:523.32,525.3 1 0
github.com/sandrolain/permissions/pkg/grpc/permissions_grpc.pb.go:526.2,526.24 1 0
github.com/sandrolain/permissions/pkg/grpc/permissions_grpc.pb.go:526.24,528.3 1 0
github.com/sandrolain/permissions/pkg/grpc/permissions_grpc.pb.go:529.2,533.77 2 0
github.com/sandrolain/permissions/pkg/grpc/permissions_grpc.pb.go:533.77,535.3 1 0
github.com/sandrolain/permissions/pkg/grpc/permissions_grpc.pb.go:536.2,536.44 1 0
github.com/sandrolain/permissions/pkg/grpc/permissions_grpc.pb.go:539.175,541.32 2 0
github.com/sandrolain/permissions/pkg/grpc/permissions_grpc.pb.go:541.32,543.3 1 0
github.com/sandrolain/permissions/pkg/grpc/permissions_grpc.pb.go:544.2,544.24 1 0
github.com/sandrolain/permissions/pkg/grpc/permissions_grpc.pb.go:544.24,546.3 1 0
github.com/sandrolain/permissions/pkg/grpc/permissions_grpc.pb.go:547.2,551.77 2 0
github.com/sandrolain/permissions/pkg/grpc/permissions_grpc.pb.go:551.77,553.3 1 0
github.com/sandrolain/permissions/pkg/grpc/permissions_grpc.pb.go:554.2,554.44 1 0
github.com/sandrolain/permissions/internal/svcgrpc/allowed.go:12.126,13.62 1 8
github.com/sandrolain/permissions/internal/svcgrpc/allowed.go:13.62,16.3 2 2
github.com/sandrolain/permissions/internal/svcgrpc/allowed.go:19.2,20.14 2 6
github.com/sandrolain/permissions/internal/svcgrpc/allowed.go:20.14,23.3 2 1
github.com/sandrolain/permissions/internal/svcgrpc/allowed.go:24.2,24.11 1 5
github.com/sandrolain/permissions/internal/svcgrpc/allowed.go:24.11,29.3 2 3
github.com/sandrolain/permissions/internal/svcgrpc/allowed.go:32.2,33.14 2 2
github.com/sandrolain/permissions/internal/svcgrpc/allowed.go:33.14,36.3 2 0
github.com/sandrolain/permissions/internal/svcgrpc/allowed.go:38.2,41.8 2 2
github.com/sandrolain/permissions/internal/svcgrpc/allowed.go:44.126,45.62 1 8
github.com/sandrolain/permissions/internal/svcgrpc/allowed.go:45.62,48.3 2 2
github.com/sandrolain/permissions/internal/svcgrpc/allowed.go:51.2,52.14 2 6
github.com/sandrolain/permissions/internal/svcgrpc/allowed.go:52.14,55.3 2 2
github.com/sandrolain/permissions/internal/svcgrpc/allowed.go:56.2,56.11 1 4
github.com/sandrolain/permissions/internal/svcgrpc/allowed.go:56.11,61.3 2 3
github.com/sandrolain/permissions/internal/svcgrpc/allowed.go:64.2,65.14 2 1
github.com/sandrolain/permissions/internal/svcgrpc/allowed.go:65.14,68.3 2 0
github.com/sandrolain/permissions/internal/svcgrpc/allowed.go:70.2,71.14 2 1
github.com/sandrolain/permissions/internal/svcgrpc/allowed.go:71.14,74.3 2 0
github.com/sandrolain/permissions/internal/svcgrpc/allowed.go:77.2,77.21 1 1
github.com/sandrolain/permissions/internal/svcgrpc/allowed.go:77.21,79.15 2 1
github.com/sandrolain/permissions/internal/svcgrpc/allowed.go:79.15,82.4 2 0
github.com/sandrolain/permissions/internal/svcgrpc/allowed.go:83.3,83.12 1 1
github.com/sandrolain/permissions/internal/svcgrpc/allowed.go:83.12,85.4 1 1
github.com/sandrolain/permissions/internal/svcgrpc/allowed.go:88.2,91.8 2 1
github.com/sandrolain/permissions/internal/svcgrpc/allowed.go:94.132,95.32 1 5
github.com/sandrolain/permissions/internal/svcgrpc/allowed.go:95.32,98.3 2 1
github.com/sandrolain/permissions/internal/svcgrpc/allowed.go:101.2,102.14 2 4
github.com/sandrolain/permissions/internal/svcgrpc/allowed.go:102.14,105.3 2 1
github.com/sandrolain/permissions/internal/svcgrpc/allowed.go:107.2,110.8 2 3
github.com/sandrolain/permissions/internal/svcgrpc/roles.go:13.129,14.32 1 4
github.com/sandrolain/permissions/internal/svcgrpc/roles.go:14.32,17.3 2 2
github.com/sandrolain/permissions/internal/svcgrpc/roles.go:19.2,20.14 2 2
github.com/sandrolain/permissions/internal/svcgrpc/roles.go:20.14,23.3 2 1
github.com/sandrolain/permissions/internal/svcgrpc/roles.go:25.2,28.8 2 1
github.com/sandrolain/permissions/internal/svcgrpc/roles.go:31.122,32.54 1 7
github.com/sandrolain/permissions/internal/svcgrpc/roles.go:32.54,35.3 2 4
github.com/sandrolain/permissions/internal/svcgrpc/roles.go:37.2,40.14 3 3
github.com/sandrolain/permissions/internal/svcgrpc/roles.go:40.14,43.3 2 1
github.com/sandrolain/permissions/internal/svcgrpc/roles.go:45.2,46.14 2 2
github.com/sandrolain/permissions/internal/svcgrpc/roles.go:46.14,49.3 2 0
github.com/sandrolain/permissions/internal/svcgrpc/roles.go:51.2,55.8 2 2
github.com/sandrolain/permissions/internal/svcgrpc/roles.go:58.128,59.54 1 7
github.com/sandrolain/permissions/internal/svcgrpc/roles.go:59.54,62.3 2 4
github.com/sandrolain/permissions/internal/svcgrpc/roles.go:64.2,65.14 2 3
github.com/sandrolain/permissions/internal/svcgrpc/roles.go:65.14,68.3 2 1
github.com/sandrolain/permissions/internal/svcgrpc/roles.go:70.2,71.14 2 2
github.com/sandrolain/permissions/internal/svcgrpc/roles.go:71.14,74.3 2 0
github.com/sandrolain/permissions/internal/svcgrpc/roles.go:76.2,80.8 2 2
github.com/sandrolain/permissions/internal/svcgrpc/scope_get.go:12.128,13.28 1 6
github.com/sandrolain/permissions/internal/svcgrpc/scope_get.go:13.28,16.3 2 0
github.com/sandrolain/permissions/internal/svcgrpc/scope_get.go:18.2,19.58 2 6
github.com/sandrolain/permissions/internal/svcgrpc/scope_get.go:19.58,20.38 1 2
github.com/sandrolain/permissions/internal/svcgrpc/scope_get.go:20.38,23.4 2 1
github.com/sandrolain/permissions/internal/svcgrpc/scope_get.go:24.3,24.29 1 1
github.com/sandrolain/permissions/internal/svcgrpc/scope_get.go:27.2,28.14 2 5
github.com/sandrolain/permissions/internal/svcgrpc/scope_get.go:28.14,31.3 2 1
github.com/sandrolain/permissions/internal/svcgrpc/scope_get.go:33.2,37.8 2 4
github.com/sandrolain/permissions/internal/svcgrpc/scope_get.go:40.128,41.28 1 1
github.com/sandrolain/permissions/internal/svcgrpc/scope_get.go:41.28,44.3 2 0
github.com/sandrolain/permissions/internal/svcgrpc/scope_get.go:46.2,47.58 2 1
github.com/sandrolain/permissions/internal/svcgrpc/scope_get.go:47.58,48.38 1 0
github.com/sandrolain/permissions/internal/svcgrpc/scope_get.go:48.38,51.4 2 0
github.com/sandrolain/permissions/internal/svcgrpc/scope_get.go:52.3,52.29 1 0
github.com/sandrolain/permissions/internal/svcgrpc/scope_get.go:55.2,56.14 2 1
github.com/sandrolain/permissions/internal/svcgrpc/scope_get.go:56.14,59.3 2 0
github.com/sandrolain/permissions/internal/svcgrpc/scope_get.go:61.2,65.8 2 1
github.com/sandrolain/permissions/internal/svcgrpc/scope_get.go:68.134,70.58 2 1
github.com/sandrolain/permissions/internal/svcgrpc/scope_get.go:70.58,71.38 1 0
github.com/sandrolain/permissions/internal/svcgrpc/scope_get.go:71.38,74.4 2 0
github.com/sandrolain/permissions/internal/svcgrpc/scope_get.go:75.3,75.29 1 0
github.com/sandrolain/permissions/internal/svcgrpc/scope_get.go:78.2,79.14 2 1
github.com/sandrolain/permissions/internal/svcgrpc/scope_get.go:79.14,82.3 2 0
github.com/sandrolain/permissions/internal/svcgrpc/scope_get.go:84.2,88.8 2 1
github.com/sandrolain/permissions/internal/svcgrpc/scope_set.go:14.125,15.54 1 6
github.com/sandrolain/permissions/internal/svcgrpc/scope_set.go:15.54,18.3 2 2
github.com/sandrolain/permissions/internal/svcgrpc/scope_set.go:20.2,21.14 2 4
github.com/sandrolain/permissions/internal/svcgrpc/scope_set.go:21.14,24.3 2 1
github.com/sandrolain/permissions/internal/svcgrpc/scope_set.go:26.2,29.8 2 3
github.com/sandrolain/permissions/internal/svcgrpc/scope_set.go:32.125,33.54 1 1
github.com/sandrolain/permissions/internal/svcgrpc/scope_set.go:33.54,36.3 2 0
github.com/sandrolain/permissions/internal/svcgrpc/scope_set.go:38.2,39.14 2 1
github.com/sandrolain/permissions/internal/svcgrpc/scope_set.go:39.14,42.3 2 0
github.com/sandrolain/permissions/internal/svcgrpc/scope_set.go:44.2,47.8 2 1
github.com/sandrolain/permissions/internal/svcgrpc/scope_set.go:50.131,51.28 1 1
github.com/sandrolain/permissions/internal/svcgrpc/scope_set.go:51.28,54.3 2 0
github.com/sandrolain/permissions/internal/svcgrpc/scope_set.go:56.2,57.14 2 1
github.com/sandrolain/permissions/internal/svcgrpc/scope_set.go:57.14,60.3 2 0
github.com/sandrolain/permissions/internal/svcgrpc/scope_set.go:62.2,65.8 2 1
github.com/sandrolain/permissions/internal/svcgrpc/scope_unset.go:12.131,13.54 1 6
github.com/sandrolain/permissions/internal/svcgrpc/scope_unset.go:13.54,16.3 2 2
github.com/sandrolain/permissions/internal/svcgrpc/scope_unset.go:18.2,19.16 2 4
github.com/sandrolain/permissions/internal/svcgrpc/scope_unset.go:19.16,22.3 2 1
github.com/sandrolain/permissions/internal/svcgrpc/scope_unset.go:24.2,27.8 2 3
github.com/sandrolain/permissions/internal/svcgrpc/scope_unset.go:30.131,31.54 1 1
github.com/sandrolain/permissions/internal/svcgrpc/scope_unset.go:31.54,34.3 2 0
github.com/sandrolain/permissions/internal/svcgrpc/scope_unset.go:36.2,37.16 2 1
github.com/sandrolain/permissions/internal/svcgrpc/scope_unset.go:37.16,40.3 2 0
github.com/sandrolain/permissions/internal/svcgrpc/scope_unset.go:42.2,45.8 2 1
github.com/sandrolain/permissions/internal/svcgrpc/scope_unset.go:48.137,49.28 1 1
github.com/sandrolain/permissions/internal/svcgrpc/scope_unset.go:49.28,52.3 2 0
github.com/sandrolain/permissions/internal/svcgrpc/scope_unset.go:54.2,55.16 2 1
github.com/sandrolain/permissions/internal/svcgrpc/scope_unset.go:55.16,58.3 2 0
github.com/sandrolain/permissions/internal/svcgrpc/scope_unset.go:60.2,63.8 2 1
github.com/sandrolain/permissions/internal/svcgrpc/server.go:11.75,15.2 1 21
github.com/sandrolain/permissions/internal/svcgrpc/server.go:25.36,27.2 1 70
github.com/sandrolain/permissions/internal/svcgrpc/server.go:29.35,31.2 1 35
github.com/sandrolain/permissions/internal/svcgrpc/server.go:33.40,35.2 1 2
github.com/sandrolain/permissions/internal/svcgrpc/server.go:37.43,42.2 4 0
github.com/sandrolain/permissions/internal/svcgrpc/server.go:44.13,47.2 2 1
github.com/sandrolain/permissions/pkg/grpc/permissions.pb.go:32.39,34.29 2 0
github.com/sandrolain/permissions/pkg/grpc/permissions.pb.go:34.29,38.3 3 0
github.com/sandrolain/permissions/pkg/grpc/permissions.pb.go:41.47,43.2 1 0
github.com/sandrolain/permissions/pkg/grpc/permissions.pb.go:45.45,45.46 0 0
github.com/sandrolain/permissions/pkg/grpc/permissions.pb.go:47.67,49.41 2 0
github.com/sandrolain/permissions/pkg/grpc/permissions.pb.go:49.41,51.34 2 0
github.com/sandrolain/permissions/pkg/grpc/permissions.pb.go:51.34,53.4 1 0
github.com/sandrolain/permissions/pkg/grpc/permissions.pb.go:54.3,54.12 1 0
github.com/sandrolain/permissions/pkg/grpc/permissions.pb.go:56.2,56.24 1 0
github.com/sandrolain/permissions/pkg/grpc/permissions.pb.go:60.58,62.2 1 0
github.com/sandrolain/permissions/pkg/grpc/permissions.pb.go:64.48,65.14 1 0
github.com/sandrolain/permissions/pkg/grpc/permissions.pb.go:65.14,67.3 1 0
github.com/sandrolain/permissions/pkg/grpc/permissions.pb.go:68.2,68.11 1 0
github.com/sandrolain/permissions/pkg/grpc/permissions.pb.go:79.40,81.29 2 0
github.com/sandrolain/permissions/pkg/grpc/permissions.pb.go:81.29,85.3 3 0
github.com/sandrolain/permissions/pkg/grpc/permissions.pb.go:88.48,90.2 1 0
github.com/sandrolain/permissions/pkg/grpc/permissions.pb.go:92.46,92.47 0 0
github.com/sandrolain/permissions/pkg/grpc/permissions.pb.go:94.68,96.41 2 0
github.com/sandrolain/permissions/pkg/grpc/permissions.pb.go:96.41,98.34 2 0
github.com/sandrolain/permissions/pkg/grpc/permissions.pb.go:98.34,100.4 1 0
github.com/sandrolain/permissions/pkg/grpc/permissions.pb.go:101.3,101.12 1 0
github.com/sandrolain/permissions/pkg/grpc/permissions.pb.go:103.2,103.24 1 0
github.com/sandrolain/permissions/pkg/grpc/permissions.pb.go:107.59,109.2 1 0
github.com/sandrolain/permissions/pkg/grpc/permissions.pb.go:111.52,112.14 1 0
github.com/sandrolain/permissions/pkg/grpc/permissions.pb.go:112.14,114.3 1 0
github.com/sandrolain/permissions/pkg/grpc/permissions.pb.go:115.2,115.12 1 0
github.com/sandrolain/permissions/pkg/grpc/permissions.pb.go:127.38,129.29 2 0
github.com/sandrolain/permissions/pkg/grpc/permissions.pb.go:129.29,133.3 3 0
github.com/sandrolain/permissions/pkg/grpc/permissions.pb.go:136.46,138.2 1 0
github.com/sandrolain/permissions/pkg/grpc/permissions.pb.go:140.44,140.45 0 0
github.com/sandrolain/permissions/pkg/grpc/permissions.pb.go:142.66,144.41 2 0
github.com/sandrolain/permissions/pkg/grpc/permissions.pb.go:144.41,146.34 2 0
github.com/sandrolain/permissions/pkg/grpc/permissions.pb.go:146.34,148.4 1 0
github.com/sandrolain/permissions/pkg/grpc/permissions.pb.go:149.3,149.12 1 0
github.com/sandrolain/permissions/pkg/grpc/permissions.pb.go:151.2,151.24 1 0
github.com/sandrolain/permissions/pkg/grpc/permissions.pb.go:155.57,157.2 1 0
github.com/sandrolain/permissions/pkg/grpc/permissions.pb.go:159.47,160.14 1 0
github.com/sandrolain/permissions/pkg/grpc/permissions.pb.go:160.14,162.3 1 0
github.com/sandrolain/permissions/pkg/grpc/permissions.pb.go:163.2,163.11 1 0
github.com/sandrolain/permissions/pkg/grpc/permissions.pb.go:166.47,167.14 1 0
github.com/sandrolain/permissions/pkg/grpc/permissions.pb.go:167.14,169.3 1 0
github.com/sandrolain/permissions/pkg/grpc/permissions.pb.go:170.2,170.11 1 0
github.com/sandrolain/permissions/pkg/grpc/permissions.pb.go:182.39,184.29 2 0
github.com/sandrolain/permissions/pkg/grpc/permissions.pb.go:184.29,188.3 3 0
github.com/sandrolain/permissions/pkg/grpc/permissions.pb.go:191.47,193.2 1 0
github.com/sandrolain/permissions/pkg/grpc/permissions.pb.go:195.45,195.46 0 0
github.com/sandrolain/permissions/pkg/grpc/permissions.pb.go:197.67,199.41 2 0
github.com/sandrolain/permissions/pkg/grpc/permissions.pb.go:199.41,201.34 2 0
github.com/sandrolain/permissions/pkg/grpc/permissions.pb.go:201.34,203.4 1 0
github.com/sandrolain/permissions/pkg/grpc/permissions.pb.go:204.3,204.12 1 0
github.com/sandrolain/permissions/pkg/grpc/permissions.pb.go:206.2,206.24 1 0
github.com/sandrolain/permissions/pkg/grpc/permissions.pb.go:210.58,212.2 1 0
github.com/sandrolain/permissions/pkg/grpc/permissions.pb.go:214.50,215.14 1 0
github.com/sandrolain/permissions/pkg/grpc/permissions.pb.go:215.14,217.3 1 0
github.com/sandrolain/permissions/pkg/grpc/permissions.pb.go:218.2,218.14 1 0
github.com/sandrolain/permissions/pkg/grpc/permissions.pb.go:221.51,222.14 1 0
github.com/sandrolain/permissions/pkg/grpc/permissions.pb.go:222.14,224.3 1 0
github.com/sandrolain/permissions/pkg/grpc/permissions.pb.go:225.2,225.12 1 0
github.com/sandrolain/permissions/pkg/grpc/permissions.pb.go:237.40,239.29 2 0
github.com/sandrolain/permissions/pkg/grpc/permissions.pb.go:239.29,243.3 3 0
github.com/sandrolain/permissions/pkg/grpc/permissions.pb.go:246.48,248.2 1 0
github.com/sandrolain/permissions/pkg/grpc/permissions.pb.go:250.46,250.47 0 0
github.com/sandrolain/permissions/pkg/grpc/permissions.pb.go:252.68,254.41 2 0
github.com/sandrolain/permissions/pkg/grpc/permissions.pb.go:254.41,256.34 2 0
github.com/sandrolain/permissions/pkg/grpc/permissions.pb.go:256.34,258.4 1 0
github.com/sandrolain/permissions/pkg/grpc/permissions.pb.go:259.3,259.12 1 0
github.com/sandrolain/permissions/pkg/grpc/permissions.pb.go:261.2,261.24 1 0
github.com/sandrolain/permissions/pkg/grpc/permissions.pb.go:265.59,267.2 1 0
github.com/sandrolain/permissions/pkg/grpc/permissions.pb.go:269.49,270.14 1 0
github.com/sandrolain/permissions/pkg/grpc/permissions.pb.go:270.14,272.3 1 0
github.com/sandrolain/permissions/pkg/grpc/permissions.pb.go:273.2,273.11 1 0
github.com/sandrolain/permissions/pkg/grpc/permissions.pb.go:276.49,277.14 1 0
github.com/sandrolain/permissions/pkg/grpc/permissions.pb.go:277.14,279.3 1 0
[...]
github.com/sandrolain/permissions/pkg/grpc/permissions.pb.go:2197.12,2198.15 1 0
github.com/sandrolain/permissions/pkg/grpc/permissions.pb.go:2201.3,2201.98 1 0
github.com/sandrolain/permissions/pkg/grpc/permissions.pb.go:2201.98,2202.48 1 0
github.com/sandrolain/permissions/pkg/grpc/permissions.pb.go:2203.11,2204.20 1 0
github.com/sandrolain/permissions/pkg/grpc/permissions.pb.go:2205.11,2206.24 1 0
github.com/sandrolain/permissions/pkg/grpc/permissions.pb.go:2207.11,2208.28 1 0
github.com/sandrolain/permissions/pkg/grpc/permissions.pb.go:2209.12,2210.15 1 0
github.com/sandrolain/permissions/pkg/grpc/permissions.pb.go:2213.3,2213.98 1 0
github.com/sandrolain/permissions/pkg/grpc/permissions.pb.go:2213.98,2214.49 1 0
github.com/sandrolain/permissions/pkg/grpc/permissions.pb.go:2215.11,2216.20 1 0
github.com/sandrolain/permissions/pkg/grpc/permissions.pb.go:2217.11,2218.24 1 0
github.com/sandrolain/permissions/pkg/grpc/permissions.pb.go:2219.11,2220.28 1 0
github.com/sandrolain/permissions/pkg/grpc/permissions.pb.go:2221.12,2222.15 1 0
github.com/sandrolain/permissions/pkg/grpc/permissions.pb.go:2225.3,2225.98 1 0
github.com/sandrolain/permissions/pkg/grpc/permissions.pb.go:2225.98,2226.46 1 0
github.com/sandrolain/permissions/pkg/grpc/permissions.pb.go:2227.11,2228.20 1 0
github.com/sandrolain/permissions/pkg/grpc/permissions.pb.go:2229.11,2230.24 1 0
github.com/sandrolain/permissions/pkg/grpc/permissions.pb.go:2231.11,2232.28 1 0
github.com/sandrolain/permissions/pkg/grpc/permissions.pb.go:2233.12,2234.15 1 0
github.com/sandrolain/permissions/pkg/grpc/permissions.pb.go:2237.3,2237.98 1 0
github.com/sandrolain/permissions/pkg/grpc/permissions.pb.go:2237.98,2238.47 1 0
github.com/sandrolain/permissions/pkg/grpc/permissions.pb.go:2239.11,2240.20 1 0
github.com/sandrolain/permissions/pkg/grpc/permissions.pb.go:2241.11,2242.24 1 0
github.com/sandrolain/permissions/pkg/grpc/permissions.pb.go:2243.11,2244.28 1 0
github.com/sandrolain/permissions/pkg/grpc/permissions.pb.go:2245.12,2246.15 1 0
github.com/sandrolain/permissions/pkg/grpc/permissions.pb.go:2249.3,2249.98 1 0
github.com/sandrolain/permissions/pkg/grpc/permissions.pb.go:2249.98,2250.46 1 0
github.com/sandrolain/permissions/pkg/grpc/permissions.pb.go:2251.11,2252.20 1 0
github.com/sandrolain/permissions/pkg/grpc/permissions.pb.go:2253.11,2254.24 1 0
github.com/sandrolain/permissions/pkg/grpc/permissions.pb.go:2255.11,2256.28 1 0
github.com/sandrolain/permissions/pkg/grpc/permissions.pb.go:2257.12,2258.15 1 0
github.com/sandrolain/permissions/pkg/grpc/permissions.pb.go:2261.3,2261.98 1 0
github.com/sandrolain/permissions/pkg/grpc/permissions.pb.go:2261.98,2262.47 1 0
github.com/sandrolain/permissions/pkg/grpc/permissions.pb.go:2263.11,2264.20 1 0
github.com/sandrolain/permissions/pkg/grpc/permissions.pb.go:2265.11,2266.24 1 0
github.com/sandrolain/permissions/pkg/grpc/permissions.pb.go:2267.11,2268.28 1 0
github.com/sandrolain/permissions/pkg/grpc/permissions.pb.go:2269.12,2270.15 1 0
github.com/sandrolain/permissions/pkg/grpc/permissions.pb.go:2273.3,2273.98 1 0
github.com/sandrolain/permissions/pkg/grpc/permissions.pb.go:2273.98,2274.45 1 0
github.com/sandrolain/permissions/pkg/grpc/permissions.pb.go:2275.11,2276.20 1 0
github.com/sandrolain/permissions/pkg/grpc/permissions.pb.go:2277.11,2278.24 1 0
github.com/sandrolain/permissions/pkg/grpc/permissions.pb.go:2279.11,2280.28 1 0
github.com/sandrolain/permissions/pkg/grpc/permissions.pb.go:2281.12,2282.15 1 0
github.com/sandrolain/permissions/pkg/grpc/permissions.pb.go:2285.3,2285.98 1 0
github.com/sandrolain/permissions/pkg/grpc/permissions.pb.go:2285.98,2286.46 1 0
github.com/sandrolain/permissions/pkg/grpc/permissions.pb.go:2287.11,2288.20 1 0
github.com/sandrolain/permissions/pkg/grpc/permissions.pb.go:2289.11,2290.24 1 0
github.com/sandrolain/permissions/pkg/grpc/permissions.pb.go:2291.11,2292.28 1 0
github.com/sandrolain/permissions/pkg/grpc/permissions.pb.go:2293.12,2294.15 1 0
github.com/sandrolain/permissions/pkg/grpc/permissions.pb.go:2297.3,2297.98 1 0
github.com/sandrolain/permissions/pkg/grpc/permissions.pb.go:2297.98,2298.43 1 0
github.com/sandrolain/permissions/pkg/grpc/permissions.pb.go:2299.11,2300.20 1 0
github.com/sandrolain/permissions/pkg/grpc/permissions.pb.go:2301.11,2302.24 1 0
github.com/sandrolain/permissions/pkg/grpc/permissions.pb.go:2303.11,2304.28 1 0
github.com/sandrolain/permissions/pkg/grpc/permissions.pb.go:2305.12,2306.15 1 0
github.com/sandrolain/permissions/pkg/grpc/permissions.pb.go:2309.3,2309.98 1 0
github.com/sandrolain/permissions/pkg/grpc/permissions.pb.go:2309.98,2310.44 1 0
github.com/sandrolain/permissions/pkg/grpc/permissions.pb.go:2311.11,2312.20 1 0
github.com/sandrolain/permissions/pkg/grpc/permissions.pb.go:2313.11,2314.24 1 0
github.com/sandrolain/permissions/pkg/grpc/permissions.pb.go:2315.11,2316.28 1 0
github.com/sandrolain/permissions/pkg/grpc/permissions.pb.go:2317.12,2318.15 1 0
github.com/sandrolain/permissions/pkg/grpc/permissions.pb.go:2321.3,2321.98 1 0
github.com/sandrolain/permissions/pkg/grpc/permissions.pb.go:2321.98,2322.43 1 0
github.com/sandrolain/permissions/pkg/grpc/permissions.pb.go:2323.11,2324.20 1 0
github.com/sandrolain/permissions/pkg/grpc/permissions.pb.go:2325.11,2326.24 1 0
github.com/sandrolain/permissions/pkg/grpc/permissions.pb.go:2327.11,2328.28 1 0
github.com/sandrolain/permissions/pkg/grpc/permissions.pb.go:2329.12,2330.15 1 0
github.com/sandrolain/permissions/pkg/grpc/permissions.pb.go:2333.3,2333.98 1 0
github.com/sandrolain/permissions/pkg/grpc/permissions.pb.go:2333.98,2334.44 1 0
github.com/sandrolain/permissions/pkg/grpc/permissions.pb.go:2335.11,2336.20 1 0
github.com/sandrolain/permissions/pkg/grpc/permissions.pb.go:2337.11,2338.24 1 0
github.com/sandrolain/permissions/pkg/grpc/permissions.pb.go:2339.11,2340.28 1 0
github.com/sandrolain/permissions/pkg/grpc/permissions.pb.go:2341.12,2342.15 1 0
github.com/sandrolain/permissions/pkg/grpc/permissions.pb.go:2346.2,2363.47 6 1
github.com/sandrolain/permissions/pkg/grpc/permissions_grpc.pb.go:64.88,66.2 1 0
github.com/sandrolain/permissions/pkg/grpc/permissions_grpc.pb.go:68.151,71.16 3 0
github.com/sandrolain/permissions/pkg/grpc/permissions_grpc.pb.go:71.16,73.3 1 0
github.com/sandrolain/permissions/pkg/grpc/permissions_grpc.pb.go:74.2,74.17 1 0
github.com/sandrolain/permissions/pkg/grpc/permissions_grpc.pb.go:77.148,80.16 3 0
github.com/sandrolain/permissions/pkg/grpc/permissions_grpc.pb.go:80.16,82.3 1 0
github.com/sandrolain/permissions/pkg/grpc/permissions_grpc.pb.go:83.2,83.17 1 0
github.com/sandrolain/permissions/pkg/grpc/permissions_grpc.pb.go:86.154,89.16 3 0
github.com/sandrolain/permissions/pkg/grpc/permissions_grpc.pb.go:89.16,91.3 1 0
github.com/sandrolain/permissions/pkg/grpc/permissions_grpc.pb.go:92.2,92.17 1 0
github.com/sandrolain/permissions/pkg/grpc/permissions_grpc.pb.go:95.160,98.16 3 0
github.com/sandrolain/permissions/pkg/grpc/permissions_grpc.pb.go:98.16,100.3 1 0
github.com/sandrolain/permissions/pkg/grpc/permissions_grpc.pb.go:101.2,101.17 1 0
github.com/sandrolain/permissions/pkg/grpc/permissions_grpc.pb.go:104.154,107.16 3 0
github.com/sandrolain/permissions/pkg/grpc/permissions_grpc.pb.go:107.16,109.3 1 0
github.com/sandrolain/permissions/pkg/grpc/permissions_grpc.pb.go:110.2,110.17 1 0
github.com/sandrolain/permissions/pkg/grpc/permissions_grpc.pb.go:113.154,116.16 3 0
github.com/sandrolain/permissions/pkg/grpc/permissions_grpc.pb.go:116.16,118.3 1 0
github.com/sandrolain/permissions/pkg/grpc/permissions_grpc.pb.go:119.2,119.17 1 0
github.com/sandrolain/permissions/pkg/grpc/permissions_grpc.pb.go:122.157,125.16 3 0
github.com/sandrolain/permissions/pkg/grpc/permissions_grpc.pb.go:125.16,127.3 1 0
github.com/sandrolain/permissions/pkg/grpc/permissions_grpc.pb.go:128.2,128.17 1 0
github.com/sandrolain/permissions/pkg/grpc/permissions_grpc.pb.go:131.151,134.16 3 0
github.com/sandrolain/permissions/pkg/grpc/permissions_grpc.pb.go:134.16,136.3 1 0
github.com/sandrolain/permissions/pkg/grpc/permissions_grpc.pb.go:137.2,137.17 1 0
github.com/sandrolain/permissions/pkg/grpc/permissions_grpc.pb.go:140.151,143.16 3 0
github.com/sandrolain/permissions/pkg/grpc/permissions_grpc.pb.go:143.16,145.3 1 0
github.com/sandrolain/permissions/pkg/grpc/permissions_grpc.pb.go:146.2,146.17 1 0
github.com/sandrolain/permissions/pkg/grpc/permissions_grpc.pb.go:149.163,152.16 3 0
github.com/sandrolain/permissions/pkg/grpc/permissions_grpc.pb.go:152.16,154.3 1 0
github.com/sandrolain/permissions/pkg/grpc/permissions_grpc.pb.go:155.2,155.17 1 0
github.com/sandrolain/permissions/pkg/grpc/permissions_grpc.pb.go:158.157,161.16 3 0
github.com/sandrolain/permissions/pkg/grpc/permissions_grpc.pb.go:161.16,163.3 1 0
github.com/sandrolain/permissions/pkg/grpc/permissions_grpc.pb.go:164.2,164.17 1 0
github.com/sandrolain/permissions/pkg/grpc/permissions_grpc.pb.go:167.157,170.16 3 0
github.com/sandrolain/permissions/pkg/grpc/permissions_grpc.pb.go:170.16,172.3 1 0
github.com/sandrolain/permissions/pkg/grpc/permissions_grpc.pb.go:173.2,173.17 1 0
github.com/sandrolain/permissions/pkg/grpc/permissions_grpc.pb.go:176.154,179.16 3 0
github.com/sandrolain/permissions/pkg/grpc/permissions_grpc.pb.go:179.16,181.3 1 0
github.com/sandrolain/permissions/pkg/grpc/permissions_grpc.pb.go:182.2,182.17 1 0
github.com/sandrolain/permissions/pkg/grpc/permissions_grpc.pb.go:185.148,188.16 3 0
github.com/sandrolain/permissions/pkg/grpc/permissions_grpc.pb.go:188.16,190.3 1 0
github.com/sandrolain/permissions/pkg/grpc/permissions_grpc.pb.go:191.2,191.17 1 0
github.com/sandrolain/permissions/pkg/grpc/permissions_grpc.pb.go:194.148,197.16 3 0
github.com/sandrolain/permissions/pkg/grpc/permissions_grpc.pb.go:197.16,199.3 1 0
github.com/sandrolain/permissions/pkg/grpc/permissions_grpc.pb.go:200.2,200.17 1 0
github.com/sandrolain/permissions/pkg/grpc/permissions_grpc.pb.go:229.129,231.2 1 0
github.com/sandrolain/permissions/pkg/grpc/permissions_grpc.pb.go:232.126,234.2 1 0
github.com/sandrolain/permissions/pkg/grpc/permissions_grpc.pb.go:235.132,237.2 1 0
github.com/sandrolain/permissions/pkg/grpc/permissions_grpc.pb.go:238.138,240.2 1 0
github.com/sandrolain/permissions/pkg/grpc/permissions_grpc.pb.go:241.132,243.2 1 0
github.com/sandrolain/permissions/pkg/grpc/permissions_grpc.pb.go:244.132,246.2 1 0
github.com/sandrolain/permissions/pkg/grpc/permissions_grpc.pb.go:247.135,249.2 1 0
github.com/sandrolain/permissions/pkg/grpc/permissions_grpc.pb.go:250.129,252.2 1 0
github.com/sandrolain/permissions/pkg/grpc/permissions_grpc.pb.go:253.129,255.2 1 0
github.com/sandrolain/permissions/pkg/grpc/permissions_grpc.pb.go:256.141,258.2 1 0
github.com/sandrolain/permissions/pkg/grpc/permissions_grpc.pb.go:259.135,261.2 1 0
github.com/sandrolain/permissions/pkg/grpc/permissions_grpc.pb.go:262.135,264.2 1 0
github.com/sandrolain/permissions/pkg/grpc/permissions_grpc.pb.go:265.132,267.2 1 0
github.com/sandrolain/permissions/pkg/grpc/permissions_grpc.pb.go:268.126,270.2 1 0
github.com/sandrolain/permissions/pkg/grpc/permissions_grpc.pb.go:271.126,273.2 1 0
github.com/sandrolain/permissions/pkg/grpc/permissions_grpc.pb.go:274.96,274.97 0 0
github.com/sandrolain/permissions/pkg/grpc/permissions_grpc.pb.go:283.94,285.2 1 0
github.com/sandrolain/permissions/pkg/grpc/permissions_grpc.pb.go:287.176,289.32 2 0
github.com/sandrolain/permissions/pkg/grpc/permissions_grpc.pb.go:289.32,291.3 1 0
github.com/sandrolain/permissions/pkg/grpc/permissions_grpc.pb.go:292.2,292.24 1 0
github.com/sandrolain/permissions/pkg/grpc/permissions_grpc.pb.go:292.24,294.3 1 0
github.com/sandrolain/permissions/pkg/grpc/permissions_grpc.pb.go:295.2,299.77 2 0
github.com/sandrolain/permissions/pkg/grpc/permissions_grpc.pb.go:299.77,301.3 1 0
github.com/sandrolain/permissions/pkg/grpc/permissions_grpc.pb.go:302.2,302.44 1 0
github.com/sandrolain/permissions/pkg/grpc/permissions_grpc.pb.go:305.175,307.32 2 0
github.com/sandrolain/permissions/pkg/grpc/permissions_grpc.pb.go:307.32,309.3 1 0
github.com/sandrolain/permissions/pkg/grpc/permissions_grpc.pb.go:310.2,310.24 1 0
github.com/sandrolain/permissions/pkg/grpc/permissions_grpc.pb.go:310.24,312.3 1 0
github.com/sandrolain/permissions/pkg/grpc/permissions_grpc.pb.go:313.2,317.77 2 0
github.com/sandrolain/permissions/pkg/grpc/permissions_grpc.pb.go:317.77,319.3 1 0
github.com/sandrolain/permissions/pkg/grpc/permissions_grpc.pb.go:320.2,320.44 1 0
github.com/sandrolain/permissions/pkg/grpc/permissions_grpc.pb.go:323.177,325.32 2 0
github.com/sandrolain/permissions/pkg/grpc/permissions_grpc.pb.go:325.32,327.3 1 0
github.com/sandrolain/permissions/pkg/grpc/permissions_grpc.pb.go:328.2,328.24 1 0
github.com/sandrolain/permissions/pkg/grpc/permissions_grpc.pb.go:328.24,330.3 1 0
github.com/sandrolain/permissions/pkg/grpc/permissions_grpc.pb.go:331.2,335.77 2 0
github.com/sandrolain/permissions/pkg/grpc/permissions_grpc.pb.go:335.77,337.3 1 0
github.com/sandrolain/permissions/pkg/grpc/permissions_grpc.pb.go:338.2,338.44 1 0
github.com/sandrolain/permissions/pkg/grpc/permissions_grpc.pb.go:341.179,343.32 2 0
github.com/sandrolain/permissions/pkg/grpc/permissions_grpc.pb.go:343.32,345.3 1 0
github.com/sandrolain/permissions/pkg/grpc/permissions_grpc.pb.go:346.2,346.24 1 0
github.com/sandrolain/permissions/pkg/grpc/permissions_grpc.pb.go:346.24,348.3 1 0
github.com/sandrolain/permissions/pkg/grpc/permissions_grpc.pb.go:349.2,353.77 2 0
github.com/sandrolain/permissions/pkg/grpc/permissions_grpc.pb.go:353.77,355.3 1 0
github.com/sandrolain/permissions/pkg/grpc/permissions_grpc.pb.go:356.2,356.44 1 0
github.com/sandrolain/permissions/pkg/grpc/permissions_grpc.pb.go:359.177,361.32 2 0
github.com/sandrolain/permissions/pkg/grpc/permissions_grpc.pb.go:361.32,363.3 1 0
github.com/sandrolain/permissions/pkg/grpc/permissions_grpc.pb.go:364.2,364.24 1 0
github.com/sandrolain/permissions/pkg/grpc/permissions_grpc.pb.go:364.24,366.3 1 0
github.com/sandrolain/permissions/pkg/grpc/permissions_grpc.pb.go:367.2,371.77 2 0
github.com/sandrolain/permissions/pkg/grpc/permissions_grpc.pb.go:371.77,373.3 1 0
github.com/sandrolain/permissions/pkg/grpc/permissions_grpc.pb.go:374.2,374.44 1 0
github.com/sandrolain/permissions/pkg/grpc/permissions_grpc.pb.go:377.177,379.32 2 0
github.com/sandrolain/permissions/pkg/grpc/permissions_grpc.pb.go:379.32,381.3 1 0
github.com/sandrolain/permissions/pkg/grpc/permissions_grpc.pb.go:382.2,382.24 1 0
github.com/sandrolain/permissions/pkg/grpc/permissions_grpc.pb.go:382.24,384.3 1 0
github.com/sandrolain/permissions/pkg/grpc/permissions_grpc.pb.go:385.2,389.77 2 0
github.com/sandrolain/permissions/pkg/grpc/permissions_grpc.pb.go:389.77,391.3 1 0
github.com/sandrolain/permissions/pkg/grpc/permissions_grpc.pb.go:392.2,392.44 1 0
github.com/sandrolain/permissions/pkg/grpc/permissions_grpc.pb.go:395.178,397.32 2 0
github.com/sandrolain/permissions/pkg/grpc/permissions_grpc.pb.go:397.32,399.3 1 0
github.com/sandrolain/permissions/pkg/grpc/permissions_grpc.pb.go:400.2,400.24 1 0
github.com/sandrolain/permissions/pkg/grpc/permissions_grpc.pb.go:400.24,402.3 1 0
github.com/sandrolain/permissions/pkg/grpc/permissions_grpc.pb.go:403.2,407.77 2 0
github.com/sandrolain/permissions/pkg/grpc/permissions_grpc.pb.go:407.77,409.3 1 0
github.com/sandrolain/permissions/pkg/grpc/permissions_grpc.pb.go:410.2,410.44 1 0
github.com/sandrolain/permissions/pkg/grpc/permissions_grpc.pb.go:413.176,415.32 2 0
github.com/sandrolain/permissions/pkg/grpc/permissions_grpc.pb.go:415.32,417.3 1 0
github.com/sandrolain/permissions/pkg/grpc/permissions_grpc.pb.go:418.2,418.24 1 0
github.com/sandrolain/permissions/pkg/grpc/permissions_grpc.pb.go:418.24,420.3 1 0
github.com/sandrolain/permissions/pkg/grpc/permissions_grpc.pb.go:421.2,425.77 2 0
github.com/sandrolain/permissions/pkg/grpc/permissions_grpc.pb.go:425.77,427.3 1 0
github.com/sandrolain/permissions/pkg/grpc/permissions_grpc.pb.go:428.2,428.44 1 0
github.com/sandrolain/permissions/pkg/grpc/permissions_grpc.pb.go:431.176,433.32 2 0
github.com/sandrolain/permissions/pkg/grpc/permissions_grpc.pb.go:433.32,435.3 1 0
github.com/sandrolain/permissions/pkg/grpc/permissions_grpc.pb.go:436.2,436.24 1 0
github.com/sandrolain/permissions/pkg/grpc/permissions_grpc.pb.go:436.24,438.3 1 0
github.com/sandrolain/permissions/pkg/grpc/permissions_grpc.pb.go:439.2,443.77 2 0
github.com/sandrolain/permissions/pkg/grpc/permissions_grpc.pb.go:443.77,445.3 1 0
github.com/sandrolain/permissions/pkg/grpc/permissions_grpc.pb.go:446.2,446.44 1 0
github.com/sandrolain/permissions/pkg/grpc/permissions_grpc.pb.go:449.180,451.32 2 0
github.com/sandrolain/permissions/pkg/grpc/permissions_grpc.pb.go:451.32,453.3 1 0
github.com/sandrolain/permissions/pkg/grpc/permissions_grpc.pb.go:454.2,454.24 1 0
github.com/sandrolain/permissions/pkg/grpc/permissions_grpc.pb.go:454.24,456.3 1 0
github.com/sandrolain/permissions/pkg/grpc/permissions_grpc.pb.go:457.2,461.77 2 0
github.com/sandrolain/permissions/pkg/grpc/permissions_grpc.pb.go:461.77,463.3 1 0
github.com/sandrolain/permissions/pkg/grpc/permissions_grpc.pb.go:464.2,464.44 1 0
github.com/sandrolain/permissions/pkg/grpc/permissions_grpc.pb.go:467.178,469.32 2 0
github.com/sandrolain/permissions/pkg/grpc/permissions_grpc.pb.go:469.32,471.3 1 0
github.com/sandrolain/permissions/pkg/grpc/permissions_grpc.pb.go:472.2,472.24 1 0
github.com/sandrolain/permissions/pkg/grpc/permissions_grpc.pb.go:472.24,474.3 1 0
github.com/sandrolain/permissions/pkg/grpc/permissions_grpc.pb.go:475.2,479.77 2 0
github.com/sandrolain/permissions/pkg/grpc/permissions_grpc.pb.go:479.77,481.3 1 0
github.com/sandrolain/permissions/pkg/grpc/permissions_grpc.pb.go:482.2,482.44 1 0
github.com/sandrolain/permissions/pkg/grpc/permissions_grpc.pb.go:485.178,487.32 2 0
github.com/sandrolain/permissions/pkg/grpc/permissions_grpc.pb.go:487.32,489.3 1 0
github.com/sandrolain/permissions/pkg/grpc/permissions_grpc.pb.go:490.2,490.24 1 0
github.com/sandrolain/permissions/pkg/grpc/permissions_grpc.pb.go:490.24,492.3 1 0
github.com/sandrolain/permissions/pkg/grpc/permissions_grpc.pb.go:493.2,497.77 2 0
github.com/sandrolain/permissions/pkg/grpc/permissions_grpc.pb.go:497.77,499.3 1 0
github.com/sandrolain/permissions/pkg/grpc/permissions_grpc.pb.go:500.2,500.44 1 0
github.com/sandrolain/permissions/pkg/grpc/permissions_grpc.pb.go:503.177,505.32 2 0
github.com/sandrolain/permissions/pkg/grpc/permissions_grpc.pb.go:505.32,507.3 1 0
github.com/sandrolain/permissions/pkg/grpc/permissions_grpc.pb.go:508.2,508.24 1 0
github.com/sandrolain/permissions/pkg/grpc/permissions_grpc.pb.go:508.24,510.3 1 0
github.com/sandrolain/permissions/pkg/grpc/permissions_grpc.pb.go:511.2,515.77 2 0
github.com/sandrolain/permissions/pkg/grpc/permissions_grpc.pb.go:515.77,517.3 1 0
github.com/sandrolain/permissions/pkg/grpc/permissions_grpc.pb.go:518.2,518.44 1 0
github.com/sandrolain/permissions/pkg/grpc/permissions_grpc.pb.go:521.175,523.32 2 0
github.com/sandrolain/permissions/pkg/grpc/permissions_grpc.pb.go:523.32,525.3 1 0
github.com/sandrolain/permissions/pkg/grpc/permissions_grpc.pb.go:526.2,526.24 1 0
github.com/sandrolain/permissions/pkg/grpc/permissions_grpc.pb.go:526.24,528.3 1 0
github.com/sandrolain/permissions/pkg/grpc/permissions_grpc.pb.go:529.2,533.77 2 0
github.com/sandrolain/permissions/pkg/grpc/permissions_grpc.pb.go:533.77,535.3 1 0
github.com/sandrolain/permissions/pkg/grpc/permissions_grpc.pb.go:536.2,536.44 1 0
github.com/sandrolain/permissions/pkg/grpc/permissions_grpc.pb.go:539.175,541.32 2 0
github.com/sandrolain/permissions/pkg/grpc/permissions_grpc.pb.go:541.32,543.3 1 0
github.com/sandrolain/permissions/pkg/grpc/permissions_grpc.pb.go:544.2,544.24 1 0
github.com/sandrolain/permissions/pkg/grpc/permissions_grpc.pb.go:544.24,546.3 1 0
github.com/sandrolain/permissions/pkg/grpc/permissions_grpc.pb.go:547.2,551.77 2 0
github.com/sandrolain/permissions/pkg/grpc/permissions_grpc.pb.go:551.77,553.3 1 0
github.com/sandrolain/permissions/pkg/grpc/permissions_grpc.pb.go:554.2,554.44 1 0
